Hmm ... looks like a package

This is pdfTeX, Version 3.14159265-2.6-1.40.15 (TeX Live 2014) (preloaded format=pdflatex)
 restricted \write18 enabled.
entering extended mode
LaTeX2e <2014/05/01>
Babel <3.9k> and hyphenation patterns for 78 languages loaded.
(./Rd2.tex
(/usr/local/texlive/2014/texmf-dist/tex/latex/base/book.cls
Document Class: book 2007/10/19 v1.4h Standard LaTeX document class
(/usr/local/texlive/2014/texmf-dist/tex/latex/base/bk10.clo))
(/Library/Frameworks/R.framework/Resources/share/texmf/tex/latex/Rd.sty
(/usr/local/texlive/2014/texmf-dist/tex/latex/base/ifthen.sty)
(/usr/local/texlive/2014/texmf-dist/tex/latex/tools/longtable.sty)
(/usr/local/texlive/2014/texmf-dist/tex/latex/tools/bm.sty)
(/usr/local/texlive/2014/texmf-dist/tex/latex/base/alltt.sty)
(/usr/local/texlive/2014/texmf-dist/tex/latex/tools/verbatim.sty)
(/usr/local/texlive/2014/texmf-dist/tex/latex/url/url.sty)
(/usr/local/texlive/2014/texmf-dist/tex/latex/base/textcomp.sty
(/usr/local/texlive/2014/texmf-dist/tex/latex/base/ts1enc.def))
(/usr/local/texlive/2014/texmf-dist/tex/latex/base/fontenc.sty
(/usr/local/texlive/2014/texmf-dist/tex/latex/base/t1enc.def))
(/usr/local/texlive/2014/texmf-dist/tex/latex/psnfss/times.sty)
(/usr/local/texlive/2014/texmf-dist/tex/latex/inconsolata/zi4.sty
(/usr/local/texlive/2014/texmf-dist/tex/latex/graphics/keyval.sty))
(/usr/local/texlive/2014/texmf-dist/tex/latex/graphics/color.sty
(/usr/local/texlive/2014/texmf-dist/tex/latex/latexconfig/color.cfg)
(/usr/local/texlive/2014/texmf-dist/tex/latex/pdftex-def/pdftex.def
(/usr/local/texlive/2014/texmf-dist/tex/generic/oberdiek/infwarerr.sty)
(/usr/local/texlive/2014/texmf-dist/tex/generic/oberdiek/ltxcmds.sty)))
(/usr/local/texlive/2014/texmf-dist/tex/latex/hyperref/hyperref.sty
(/usr/local/texlive/2014/texmf-dist/tex/generic/oberdiek/hobsub-hyperref.sty
(/usr/local/texlive/2014/texmf-dist/tex/generic/oberdiek/hobsub-generic.sty))
(/usr/local/texlive/2014/texmf-dist/tex/generic/ifxetex/ifxetex.sty)
(/usr/local/texlive/2014/texmf-dist/tex/latex/oberdiek/auxhook.sty)
(/usr/local/texlive/2014/texmf-dist/tex/latex/oberdiek/kvoptions.sty)
(/usr/local/texlive/2014/texmf-dist/tex/latex/hyperref/pd1enc.def)
(/usr/local/texlive/2014/texmf-dist/tex/latex/latexconfig/hyperref.cfg))

Package hyperref Message: Driver (autodetected): hpdftex.

(/usr/local/texlive/2014/texmf-dist/tex/latex/hyperref/hpdftex.def
(/usr/local/texlive/2014/texmf-dist/tex/latex/oberdiek/rerunfilecheck.sty))

Package hyperref Warning: Option `hyperindex' has already been used,
(hyperref)                setting the option has no effect on input line 366.


Package hyperref Warning: Option `pagebackref' has already been used,
(hyperref)                setting the option has no effect on input line 366.

) (/usr/local/texlive/2014/texmf-dist/tex/latex/base/makeidx.sty)
(/usr/local/texlive/2014/texmf-dist/tex/latex/base/inputenc.sty
(/usr/local/texlive/2014/texmf-dist/tex/latex/base/utf8.def
(/usr/local/texlive/2014/texmf-dist/tex/latex/base/t1enc.dfu)
(/usr/local/texlive/2014/texmf-dist/tex/latex/base/ot1enc.dfu)
(/usr/local/texlive/2014/texmf-dist/tex/latex/base/omsenc.dfu)
(/usr/local/texlive/2014/texmf-dist/tex/latex/base/ts1enc.dfu))
(/usr/local/texlive/2014/texmf-dist/tex/latex/base/latin1.def))
Writing index file Rd2.idx
No file Rd2.aux.
(/usr/local/texlive/2014/texmf-dist/tex/latex/base/ts1cmr.fd)
(/usr/local/texlive/2014/texmf-dist/tex/latex/psnfss/t1ptm.fd)
(/usr/local/texlive/2014/texmf-dist/tex/context/base/supp-pdf.mkii
[Loading MPS to PDF converter (version 2006.09.02).]
) (/usr/local/texlive/2014/texmf-dist/tex/latex/hyperref/nameref.sty
(/usr/local/texlive/2014/texmf-dist/tex/generic/oberdiek/gettitlestring.sty))
(/usr/local/texlive/2014/texmf-dist/tex/latex/inconsolata/t1zi4.fd)
(/usr/local/texlive/2014/texmf-dist/tex/latex/psnfss/ts1ptm.fd)
(/usr/local/texlive/2014/texmf-dist/tex/latex/psnfss/t1phv.fd)
(/usr/local/texlive/2014/texmf-dist/tex/latex/base/utf8.def) [1{/usr/local/texl
ive/2014/texmf-var/fonts/map/pdftex/updmap/pdftex.map}]
Underfull \hbox (badness 10000) in paragraph at lines 52--54


Underfull \hbox (badness 10000) in paragraph at lines 55--56


Overfull \hbox (4.45026pt too wide) in paragraph at lines 107--109
\T1/ptm/m/n/10 Model.'' De-cem-ber. 2008. Web. [][]$\T1/zi4/m/n/10 http : / / w
ww . brucehardie . com / notes / 021 / palive _ for _ BGNBD .
[2] (/usr/local/texlive/2014/texmf-dist/tex/latex/base/utf8.def) [3]
(/usr/local/texlive/2014/texmf-dist/tex/latex/base/utf8.def) [4] [5]
(/usr/local/texlive/2014/texmf-dist/tex/latex/base/utf8.def) [6]
(/usr/local/texlive/2014/texmf-dist/tex/latex/base/utf8.def) [7]
(/usr/local/texlive/2014/texmf-dist/tex/latex/base/utf8.def) [8]
(/usr/local/texlive/2014/texmf-dist/tex/latex/base/utf8.def) [9] [10]
(/usr/local/texlive/2014/texmf-dist/tex/latex/base/utf8.def) [11]
(/usr/local/texlive/2014/texmf-dist/tex/latex/base/utf8.def) [12]
(/usr/local/texlive/2014/texmf-dist/tex/latex/base/utf8.def) [13]
(/usr/local/texlive/2014/texmf-dist/tex/latex/base/utf8.def) [14]
(/usr/local/texlive/2014/texmf-dist/tex/latex/base/utf8.def) [15] [16]
Overfull \hbox (10.68091pt too wide) in paragraph at lines 869--869
 []\T1/zi4/m/n/9 bgbb.PlotFreqVsConditionalExpectedFrequency(est.params, n.star
, rf.matrix, x.star, trunc=6)[] 
(/usr/local/texlive/2014/texmf-dist/tex/latex/base/utf8.def) [17] [18]
Overfull \hbox (6.18091pt too wide) in paragraph at lines 945--945
 []\T1/zi4/m/n/9 bgbb.PlotRecVsConditionalExpectedFrequency(est.params, n.star,
 rf.matrix, x.star, trunc=6)[] 
(/usr/local/texlive/2014/texmf-dist/tex/latex/base/utf8.def) [19]
(/usr/local/texlive/2014/texmf-dist/tex/latex/inconsolata/ts1zi4.fd)
Overfull \hbox (38.5809pt too wide) in paragraph at lines 1032--1032
 []\T1/zi4/m/n/9 bgbb.PlotTrackingCum(est.params, rf.matrix, actual.cum.repeat.
transactions, xticklab=x.tickmarks)[] 
(/usr/local/texlive/2014/texmf-dist/tex/latex/base/utf8.def) [20] [21]
Overfull \hbox (38.5809pt too wide) in paragraph at lines 1117--1117
 []\T1/zi4/m/n/9 bgbb.PlotTrackingInc(est.params, rf.matrix, actual.inc.repeat.
transactions, xticklab=x.tickmarks)[] 
(/usr/local/texlive/2014/texmf-dist/tex/latex/base/utf8.def) [22]
(/usr/local/texlive/2014/texmf-dist/tex/latex/base/utf8.def) [23]
(/usr/local/texlive/2014/texmf-dist/tex/latex/base/utf8.def) [24]
(/usr/local/texlive/2014/texmf-dist/tex/latex/base/utf8.def) [25] [26]
(/usr/local/texlive/2014/texmf-dist/tex/latex/base/utf8.def) [27]
(/usr/local/texlive/2014/texmf-dist/tex/latex/base/utf8.def)
Overfull \hbox (109.17717pt too wide) in paragraph at lines 1467--1470
[]\T1/ptm/m/n/10 E(P | al-pha, beta, gamma, delta, x, t.x, n). This is cal-cu-l
ated by set-ting l=1 and m=0 in [][]\T1/zi4/m/n/10 bgbb.PosteriorMeanLmProductM
oment[][][]\T1/ptm/m/n/10 . 
[28] (/usr/local/texlive/2014/texmf-dist/tex/latex/base/utf8.def)
Overfull \hbox (1.50623pt too wide) in paragraph at lines 1524--1525
[]\T1/ptm/m/n/10 calibration pe-riod CBS (cus-tomer by suf-fi-cient statis-tic)
. It must con-tain columns

Overfull \hbox (5.17676pt too wide) in paragraph at lines 1526--1534
\T1/ptm/m/n/10 customer-by-sufficient-statistic ma-trix first. This pa-ram-e-te
r de-ter-mines how many
[29] (/usr/local/texlive/2014/texmf-dist/tex/latex/base/utf8.def) [30]
Overfull \hbox (4.45026pt too wide) in paragraph at lines 1631--1632
\T1/ptm/m/n/10 Model.'' De-cem-ber. 2008. Web. [][]$\T1/zi4/m/n/10 http : / / w
ww . brucehardie . com / notes / 021 / palive _ for _ BGNBD .
[31] (/usr/local/texlive/2014/texmf-dist/tex/latex/base/utf8.def)
Overfull \hbox (1.50623pt too wide) in paragraph at lines 1668--1669
[]\T1/ptm/m/n/10 calibration pe-riod CBS (cus-tomer by suf-fi-cient statis-tic)
. It must con-tain columns
[32] (/usr/local/texlive/2014/texmf-dist/tex/latex/base/utf8.def)
Overfull \hbox (4.45026pt too wide) in paragraph at lines 1759--1760
\T1/ptm/m/n/10 Model.'' De-cem-ber. 2008. Web. [][]$\T1/zi4/m/n/10 http : / / w
ww . brucehardie . com / notes / 021 / palive _ for _ BGNBD .
[33] (/usr/local/texlive/2014/texmf-dist/tex/latex/base/utf8.def)
Overfull \hbox (28.33699pt too wide) in paragraph at lines 1808--1812
[]\T1/ptm/m/n/10 The func-tion au-to-mat-i-cally di-vides the to-tal pe-riod up
 into n.periods.final time in-ter-vals. \T1/zi4/m/n/10 n.periods.final
[34]
Overfull \hbox (52.0809pt too wide) in paragraph at lines 1845--1845
 []\T1/zi4/m/n/9 bgnbd.ExpectedCumulativeTransactions(params, T.cal=cal.cbs[,"T
.cal"], T.tot=39, n.periods.final=273)[] 
(/usr/local/texlive/2014/texmf-dist/tex/latex/base/utf8.def) [35]
Overfull \hbox (1.50623pt too wide) in paragraph at lines 1868--1872
[]\T1/ptm/m/n/10 calibration pe-riod CBS (cus-tomer by suf-fi-cient statis-tic)
. It must con-tain columns
[36] (/usr/local/texlive/2014/texmf-dist/tex/latex/base/utf8.def)
Overfull \hbox (4.45026pt too wide) in paragraph at lines 1986--1987
\T1/ptm/m/n/10 Model.'' De-cem-ber. 2008. Web. [][]$\T1/zi4/m/n/10 http : / / w
ww . brucehardie . com / notes / 021 / palive _ for _ BGNBD .
[37] (/usr/local/texlive/2014/texmf-dist/tex/latex/base/utf8.def) [38]
(/usr/local/texlive/2014/texmf-dist/tex/latex/base/utf8.def)
Overfull \hbox (1.50623pt too wide) in paragraph at lines 2067--2070
[]\T1/ptm/m/n/10 calibration pe-riod CBS (cus-tomer by suf-fi-cient statis-tic)
. It must con-tain columns
[39] (/usr/local/texlive/2014/texmf-dist/tex/latex/base/utf8.def)
Overfull \hbox (1.50623pt too wide) in paragraph at lines 2133--2134
[]\T1/ptm/m/n/10 calibration pe-riod CBS (cus-tomer by suf-fi-cient statis-tic)
. It must con-tain columns
[40]
Overfull \hbox (24.18091pt too wide) in paragraph at lines 2176--2176
 []\T1/zi4/m/n/9 bgnbd.PlotFreqVsConditionalExpectedFrequency(est.params, T.sta
r=39, cal.cbs, x.star, censor=7)[] 
(/usr/local/texlive/2014/texmf-dist/tex/latex/base/utf8.def) [41]
Overfull \hbox (1.50623pt too wide) in paragraph at lines 2202--2203
[]\T1/ptm/m/n/10 calibration pe-riod CBS (cus-tomer by suf-fi-cient statis-tic)
. It must con-tain columns
(/usr/local/texlive/2014/texmf-dist/tex/latex/base/utf8.def) [42] [43]
(/usr/local/texlive/2014/texmf-dist/tex/latex/base/utf8.def) [44]
(/usr/local/texlive/2014/texmf-dist/tex/latex/base/utf8.def) [45]
(/usr/local/texlive/2014/texmf-dist/tex/latex/base/utf8.def) [46]
Overfull \hbox (4.45026pt too wide) in paragraph at lines 2504--2505
\T1/ptm/m/n/10 Model.'' De-cem-ber. 2008. Web. [][]$\T1/zi4/m/n/10 http : / / w
ww . brucehardie . com / notes / 021 / palive _ for _ BGNBD .
(/usr/local/texlive/2014/texmf-dist/tex/latex/base/utf8.def) [47]
Overfull \hbox (4.45026pt too wide) in paragraph at lines 2579--2580
\T1/ptm/m/n/10 Model.'' De-cem-ber. 2008. Web. [][]$\T1/zi4/m/n/10 http : / / w
ww . brucehardie . com / notes / 021 / palive _ for _ BGNBD .
(/usr/local/texlive/2014/texmf-dist/tex/latex/base/utf8.def) [48]
(/usr/local/texlive/2014/texmf-dist/tex/latex/base/utf8.def) [49]
(/usr/local/texlive/2014/texmf-dist/tex/latex/base/utf8.def)
Overfull \hbox (1.34746pt too wide) in paragraph at lines 2710--2717
[]\T1/ptm/m/n/10 if cbt.is.during.cal.period is TRUE, then dates is a data fram
e with three columns:

Overfull \hbox (5.55704pt too wide) in paragraph at lines 2718--2720
[]\T1/ptm/m/n/10 interval of time for customer-by-sufficient-statistic ma-trix.
 May be "day", "week",
[50] (/usr/local/texlive/2014/texmf-dist/tex/latex/base/utf8.def) [51]
(/usr/local/texlive/2014/texmf-dist/tex/latex/base/utf8.def) [52]
(/usr/local/texlive/2014/texmf-dist/tex/latex/base/utf8.def) [53]
(/usr/local/texlive/2014/texmf-dist/tex/latex/base/utf8.def) [54]
(/usr/local/texlive/2014/texmf-dist/tex/latex/base/utf8.def)
(/usr/local/texlive/2014/texmf-dist/tex/latex/base/utf8.def) [55]
(/usr/local/texlive/2014/texmf-dist/tex/latex/base/utf8.def)
Overfull \hbox (5.55704pt too wide) in paragraph at lines 3025--3027
[]\T1/ptm/m/n/10 interval of time for customer-by-sufficient-statistic ma-trix.
 May be "day", "week",
[56] (/usr/local/texlive/2014/texmf-dist/tex/latex/base/utf8.def) [57]
Overfull \hbox (68.22633pt too wide) in paragraph at lines 3113--3119
\T1/ptm/m/n/10 in the third col-umn, and # sales num-bers in the fifth col-umn.
 elog <- dc.ReadLines(system.file("data/cdnowElog.csv",

Overfull \hbox (32.01674pt too wide) in paragraph at lines 3120--3123
[]\T1/ptm/m/n/10 # con-vert-ing the date col-umn to Date ob-jects is # nec-es-s
ary for this func-tion. elog$date <- as.Date(elog$date,
(/usr/local/texlive/2014/texmf-dist/tex/latex/base/utf8.def) [58]
(/usr/local/texlive/2014/texmf-dist/tex/latex/base/utf8.def)
(/usr/local/texlive/2014/texmf-dist/tex/latex/base/utf8.def) [59] [60]
(/usr/local/texlive/2014/texmf-dist/tex/latex/base/utf8.def)
(/usr/local/texlive/2014/texmf-dist/tex/latex/base/utf8.def) [61]
(/usr/local/texlive/2014/texmf-dist/tex/latex/base/utf8.def)
Overfull \hbox (27.67802pt too wide) in paragraph at lines 3363--3370
[]\T1/ptm/m/n/10 A work-around to avoid us-ing this func-tion is pre-sented in 
the ex-am-ple for [][]\T1/zi4/m/n/10 dc.BuildCBSFromCBTAndDates[][][]
[62]
Underfull \vbox (badness 3803) has occurred while \output is active [63]
Overfull \hbox (25.9809pt too wide) in paragraph at lines 3441--3441
 []\T1/zi4/m/n/9 fixed.holdout.cbs[,"T.star"] <- rep(max(fixed.holdout.cbs[,"T.
star"]),nrow(fixed.holdout.cbs))[] 
(/usr/local/texlive/2014/texmf-dist/tex/latex/base/utf8.def)
(/usr/local/texlive/2014/texmf-dist/tex/latex/base/utf8.def) [64] [65]
Underfull \vbox (badness 3803) has occurred while \output is active [66]
(/usr/local/texlive/2014/texmf-dist/tex/latex/base/utf8.def) [67]
Overfull \hbox (0.78091pt too wide) in paragraph at lines 3695--3695
 []\T1/zi4/m/n/9 # dc.PlotLogLikelihoodContours(bgbb.rf.matrix.LL, bgbb.est.par
ams, rf.matrix = rf.matrix,[] 
[68] (/usr/local/texlive/2014/texmf-dist/tex/latex/base/utf8.def) [69]
(/usr/local/texlive/2014/texmf-dist/tex/latex/base/utf8.def) [70]
(/usr/local/texlive/2014/texmf-dist/tex/latex/base/utf8.def)
(/usr/local/texlive/2014/texmf-dist/tex/latex/base/utf8.def) [71]
Overfull \hbox (38.8068pt too wide) in paragraph at lines 3902--3904
[]\T1/ptm/m/n/10 This dataset was sim-u-lated in or-der to il-lus-trate cer-tai
n data-conversion func-tions (see [][]\T1/zi4/m/n/10 dc.MakeRFmatrixCal[][][]\T
1/ptm/m/n/10 ). 
(/usr/local/texlive/2014/texmf-dist/tex/latex/base/utf8.def) [72]
Overfull \hbox (4.03896pt too wide) in paragraph at lines 3971--3973
[]\T1/ptm/m/n/10 Data can be found on-line at [][]$\T1/zi4/m/n/10 http : / / ww
w . brucehardie . com / notes / 010/$[][] \T1/ptm/m/n/10 (As-so-ci-ated Ex-cel 
spread-
(/usr/local/texlive/2014/texmf-dist/tex/latex/base/utf8.def)
Overfull \hbox (1.50623pt too wide) in paragraph at lines 4002--4003
[]\T1/ptm/m/n/10 calibration pe-riod CBS (cus-tomer by suf-fi-cient statis-tic)
. It must con-tain columns

Overfull \hbox (5.17676pt too wide) in paragraph at lines 4004--4012
\T1/ptm/m/n/10 customer-by-sufficient-statistic ma-trix first. This pa-ram-e-te
r de-ter-mines how many
[73] (/usr/local/texlive/2014/texmf-dist/tex/latex/base/utf8.def) [74]
(/usr/local/texlive/2014/texmf-dist/tex/latex/base/utf8.def) [75] [76]
(/usr/local/texlive/2014/texmf-dist/tex/latex/base/utf8.def)
Overfull \hbox (1.50623pt too wide) in paragraph at lines 4233--4238
[]\T1/ptm/m/n/10 calibration pe-riod CBS (cus-tomer by suf-fi-cient statis-tic)
. It must con-tain columns
[77] (/usr/local/texlive/2014/texmf-dist/tex/latex/base/utf8.def) [78]
(/usr/local/texlive/2014/texmf-dist/tex/latex/base/utf8.def) [79]
Overfull \hbox (28.33699pt too wide) in paragraph at lines 4380--4384
[]\T1/ptm/m/n/10 The func-tion au-to-mat-i-cally di-vides the to-tal pe-riod up
 into n.periods.final time in-ter-vals. \T1/zi4/m/n/10 n.periods.final
[80] (/usr/local/texlive/2014/texmf-dist/tex/latex/base/utf8.def)
Overfull \hbox (1.50623pt too wide) in paragraph at lines 4442--4447
[]\T1/ptm/m/n/10 calibration pe-riod CBS (cus-tomer by suf-fi-cient statis-tic)
. It must con-tain columns
[81] (/usr/local/texlive/2014/texmf-dist/tex/latex/base/utf8.def) [82] [83]
(/usr/local/texlive/2014/texmf-dist/tex/latex/base/utf8.def) [84]
(/usr/local/texlive/2014/texmf-dist/tex/latex/base/utf8.def) [85]
(/usr/local/texlive/2014/texmf-dist/tex/latex/base/utf8.def)
Overfull \hbox (1.50623pt too wide) in paragraph at lines 4736--4739
[]\T1/ptm/m/n/10 calibration pe-riod CBS (cus-tomer by suf-fi-cient statis-tic)
. It must con-tain columns
[86] (/usr/local/texlive/2014/texmf-dist/tex/latex/base/utf8.def) [87]
Overfull \hbox (1.50623pt too wide) in paragraph at lines 4802--4803
[]\T1/ptm/m/n/10 calibration pe-riod CBS (cus-tomer by suf-fi-cient statis-tic)
. It must con-tain columns

Overfull \hbox (19.68091pt too wide) in paragraph at lines 4845--4845
 []\T1/zi4/m/n/9 pnbd.PlotFreqVsConditionalExpectedFrequency(est.params, T.star
=39, cal.cbs, x.star, censor=7)[] 
(/usr/local/texlive/2014/texmf-dist/tex/latex/base/utf8.def) [88]
Overfull \hbox (1.50623pt too wide) in paragraph at lines 4871--4872
[]\T1/ptm/m/n/10 calibration pe-riod CBS (cus-tomer by suf-fi-cient statis-tic)
. It must con-tain columns
[89] (/usr/local/texlive/2014/texmf-dist/tex/latex/base/utf8.def) [90]
(/usr/local/texlive/2014/texmf-dist/tex/latex/base/utf8.def) [91] [92]
(/usr/local/texlive/2014/texmf-dist/tex/latex/base/utf8.def)
(/usr/local/texlive/2014/texmf-dist/tex/latex/base/utf8.def) [93] [94]
(/usr/local/texlive/2014/texmf-dist/tex/latex/base/utf8.def) [95]
(/usr/local/texlive/2014/texmf-dist/tex/latex/base/utf8.def) [96]
(/usr/local/texlive/2014/texmf-dist/tex/latex/base/utf8.def) [97]
(/usr/local/texlive/2014/texmf-dist/tex/latex/base/utf8.def) [98] [99]
(/usr/local/texlive/2014/texmf-dist/tex/latex/base/utf8.def) [100]
(/usr/local/texlive/2014/texmf-dist/tex/latex/base/utf8.def) [101]
No file Rd2.ind.
[102] (./Rd2.aux)

Package rerunfilecheck Warning: File `Rd2.out' has changed.
(rerunfilecheck)                Rerun to get outlines right
(rerunfilecheck)                or use package `bookmark'.

 )
(see the transcript file for additional information){/usr/local/texlive/2014/te
xmf-dist/fonts/enc/dvips/inconsolata/i4-ts1.enc}{/usr/local/texlive/2014/texmf-
dist/fonts/enc/dvips/base/8r.enc}{/usr/local/texlive/2014/texmf-dist/fonts/enc/
dvips/inconsolata/i4-t1-0.enc}</usr/local/texlive/2014/texmf-dist/fonts/type1/p
ublic/inconsolata/Inconsolata-zi4r.pfb></usr/local/texlive/2014/texmf-dist/font
s/type1/urw/helvetic/uhvr8a.pfb></usr/local/texlive/2014/texmf-dist/fonts/type1
/urw/times/utmb8a.pfb></usr/local/texlive/2014/texmf-dist/fonts/type1/urw/times
/utmr8a.pfb></usr/local/texlive/2014/texmf-dist/fonts/type1/urw/times/utmr8a.pf
b></usr/local/texlive/2014/texmf-dist/fonts/type1/urw/times/utmri8a.pfb>
Output written on Rd2.pdf (102 pages, 278066 bytes).
Transcript written on Rd2.log.
This is makeindex, version 2.15 [TeX Live 2014] (kpathsea + Thai support).
Scanning input file Rd2.idx....done (142 entries accepted, 0 rejected).
Sorting entries....done (1063 comparisons).
Generating output file Rd2.ind....done (170 lines written, 1 warning).
Output written in Rd2.ind.
Transcript written in Rd2.ilg.
This is pdfTeX, Version 3.14159265-2.6-1.40.15 (TeX Live 2014) (preloaded format=pdflatex)
 restricted \write18 enabled.
entering extended mode
LaTeX2e <2014/05/01>
Babel <3.9k> and hyphenation patterns for 78 languages loaded.
(./Rd2.tex
(/usr/local/texlive/2014/texmf-dist/tex/latex/base/book.cls
Document Class: book 2007/10/19 v1.4h Standard LaTeX document class
(/usr/local/texlive/2014/texmf-dist/tex/latex/base/bk10.clo))
(/Library/Frameworks/R.framework/Resources/share/texmf/tex/latex/Rd.sty
(/usr/local/texlive/2014/texmf-dist/tex/latex/base/ifthen.sty)
(/usr/local/texlive/2014/texmf-dist/tex/latex/tools/longtable.sty)
(/usr/local/texlive/2014/texmf-dist/tex/latex/tools/bm.sty)
(/usr/local/texlive/2014/texmf-dist/tex/latex/base/alltt.sty)
(/usr/local/texlive/2014/texmf-dist/tex/latex/tools/verbatim.sty)
(/usr/local/texlive/2014/texmf-dist/tex/latex/url/url.sty)
(/usr/local/texlive/2014/texmf-dist/tex/latex/base/textcomp.sty
(/usr/local/texlive/2014/texmf-dist/tex/latex/base/ts1enc.def))
(/usr/local/texlive/2014/texmf-dist/tex/latex/base/fontenc.sty
(/usr/local/texlive/2014/texmf-dist/tex/latex/base/t1enc.def))
(/usr/local/texlive/2014/texmf-dist/tex/latex/psnfss/times.sty)
(/usr/local/texlive/2014/texmf-dist/tex/latex/inconsolata/zi4.sty
(/usr/local/texlive/2014/texmf-dist/tex/latex/graphics/keyval.sty))
(/usr/local/texlive/2014/texmf-dist/tex/latex/graphics/color.sty
(/usr/local/texlive/2014/texmf-dist/tex/latex/latexconfig/color.cfg)
(/usr/local/texlive/2014/texmf-dist/tex/latex/pdftex-def/pdftex.def
(/usr/local/texlive/2014/texmf-dist/tex/generic/oberdiek/infwarerr.sty)
(/usr/local/texlive/2014/texmf-dist/tex/generic/oberdiek/ltxcmds.sty)))
(/usr/local/texlive/2014/texmf-dist/tex/latex/hyperref/hyperref.sty
(/usr/local/texlive/2014/texmf-dist/tex/generic/oberdiek/hobsub-hyperref.sty
(/usr/local/texlive/2014/texmf-dist/tex/generic/oberdiek/hobsub-generic.sty))
(/usr/local/texlive/2014/texmf-dist/tex/generic/ifxetex/ifxetex.sty)
(/usr/local/texlive/2014/texmf-dist/tex/latex/oberdiek/auxhook.sty)
(/usr/local/texlive/2014/texmf-dist/tex/latex/oberdiek/kvoptions.sty)
(/usr/local/texlive/2014/texmf-dist/tex/latex/hyperref/pd1enc.def)
(/usr/local/texlive/2014/texmf-dist/tex/latex/latexconfig/hyperref.cfg))

Package hyperref Message: Driver (autodetected): hpdftex.

(/usr/local/texlive/2014/texmf-dist/tex/latex/hyperref/hpdftex.def
(/usr/local/texlive/2014/texmf-dist/tex/latex/oberdiek/rerunfilecheck.sty))

Package hyperref Warning: Option `hyperindex' has already been used,
(hyperref)                setting the option has no effect on input line 366.


Package hyperref Warning: Option `pagebackref' has already been used,
(hyperref)                setting the option has no effect on input line 366.

) (/usr/local/texlive/2014/texmf-dist/tex/latex/base/makeidx.sty)
(/usr/local/texlive/2014/texmf-dist/tex/latex/base/inputenc.sty
(/usr/local/texlive/2014/texmf-dist/tex/latex/base/utf8.def
(/usr/local/texlive/2014/texmf-dist/tex/latex/base/t1enc.dfu)
(/usr/local/texlive/2014/texmf-dist/tex/latex/base/ot1enc.dfu)
(/usr/local/texlive/2014/texmf-dist/tex/latex/base/omsenc.dfu)
(/usr/local/texlive/2014/texmf-dist/tex/latex/base/ts1enc.dfu))
(/usr/local/texlive/2014/texmf-dist/tex/latex/base/latin1.def))
Writing index file Rd2.idx
(./Rd2.aux) (/usr/local/texlive/2014/texmf-dist/tex/latex/base/ts1cmr.fd)
(/usr/local/texlive/2014/texmf-dist/tex/latex/psnfss/t1ptm.fd)
(/usr/local/texlive/2014/texmf-dist/tex/context/base/supp-pdf.mkii
[Loading MPS to PDF converter (version 2006.09.02).]
) (/usr/local/texlive/2014/texmf-dist/tex/latex/hyperref/nameref.sty
(/usr/local/texlive/2014/texmf-dist/tex/generic/oberdiek/gettitlestring.sty))
(./Rd2.out) (./Rd2.out)
(/usr/local/texlive/2014/texmf-dist/tex/latex/inconsolata/t1zi4.fd)
(/usr/local/texlive/2014/texmf-dist/tex/latex/psnfss/ts1ptm.fd)
(/usr/local/texlive/2014/texmf-dist/tex/latex/psnfss/t1phv.fd) (./Rd2.toc
[1{/usr/local/texlive/2014/texmf-var/fonts/map/pdftex/updmap/pdftex.map}]
[2]) (/usr/local/texlive/2014/texmf-dist/tex/latex/base/utf8.def)
Underfull \hbox (badness 10000) in paragraph at lines 52--54


Underfull \hbox (badness 10000) in paragraph at lines 55--56

[3]
Overfull \hbox (4.45026pt too wide) in paragraph at lines 107--109
\T1/ptm/m/n/10 Model.'' De-cem-ber. 2008. Web. [][]$\T1/zi4/m/n/10 http : / / w
ww . brucehardie . com / notes / 021 / palive _ for _ BGNBD .
(/usr/local/texlive/2014/texmf-dist/tex/latex/base/utf8.def) [4] [5]
(/usr/local/texlive/2014/texmf-dist/tex/latex/base/utf8.def) [6]
(/usr/local/texlive/2014/texmf-dist/tex/latex/base/utf8.def) [7] [8]
(/usr/local/texlive/2014/texmf-dist/tex/latex/base/utf8.def)
(/usr/local/texlive/2014/texmf-dist/tex/latex/base/utf8.def) [9] [10]
(/usr/local/texlive/2014/texmf-dist/tex/latex/base/utf8.def) [11]
(/usr/local/texlive/2014/texmf-dist/tex/latex/base/utf8.def) [12] [13]
(/usr/local/texlive/2014/texmf-dist/tex/latex/base/utf8.def)
(/usr/local/texlive/2014/texmf-dist/tex/latex/base/utf8.def) [14] [15]
(/usr/local/texlive/2014/texmf-dist/tex/latex/base/utf8.def) [16]
(/usr/local/texlive/2014/texmf-dist/tex/latex/base/utf8.def) [17] [18]
Overfull \hbox (10.68091pt too wide) in paragraph at lines 869--869
 []\T1/zi4/m/n/9 bgbb.PlotFreqVsConditionalExpectedFrequency(est.params, n.star
, rf.matrix, x.star, trunc=6)[] 
(/usr/local/texlive/2014/texmf-dist/tex/latex/base/utf8.def) [19]
Overfull \hbox (6.18091pt too wide) in paragraph at lines 945--945
 []\T1/zi4/m/n/9 bgbb.PlotRecVsConditionalExpectedFrequency(est.params, n.star,
 rf.matrix, x.star, trunc=6)[] 
(/usr/local/texlive/2014/texmf-dist/tex/latex/base/utf8.def) [20] [21]
(/usr/local/texlive/2014/texmf-dist/tex/latex/inconsolata/ts1zi4.fd)
Overfull \hbox (38.5809pt too wide) in paragraph at lines 1032--1032
 []\T1/zi4/m/n/9 bgbb.PlotTrackingCum(est.params, rf.matrix, actual.cum.repeat.
transactions, xticklab=x.tickmarks)[] 
(/usr/local/texlive/2014/texmf-dist/tex/latex/base/utf8.def) [22]
Overfull \hbox (38.5809pt too wide) in paragraph at lines 1117--1117
 []\T1/zi4/m/n/9 bgbb.PlotTrackingInc(est.params, rf.matrix, actual.inc.repeat.
transactions, xticklab=x.tickmarks)[] 
(/usr/local/texlive/2014/texmf-dist/tex/latex/base/utf8.def) [23]
(/usr/local/texlive/2014/texmf-dist/tex/latex/base/utf8.def) [24]
(/usr/local/texlive/2014/texmf-dist/tex/latex/base/utf8.def) [25]
(/usr/local/texlive/2014/texmf-dist/tex/latex/base/utf8.def) [26] [27]
(/usr/local/texlive/2014/texmf-dist/tex/latex/base/utf8.def) [28]
(/usr/local/texlive/2014/texmf-dist/tex/latex/base/utf8.def) [29]
Overfull \hbox (109.17717pt too wide) in paragraph at lines 1467--1470
[]\T1/ptm/m/n/10 E(P | al-pha, beta, gamma, delta, x, t.x, n). This is cal-cu-l
ated by set-ting l=1 and m=0 in [][]\T1/zi4/m/n/10 bgbb.PosteriorMeanLmProductM
oment[][][]\T1/ptm/m/n/10 . 
(/usr/local/texlive/2014/texmf-dist/tex/latex/base/utf8.def) [30]
Overfull \hbox (1.50623pt too wide) in paragraph at lines 1524--1525
[]\T1/ptm/m/n/10 calibration pe-riod CBS (cus-tomer by suf-fi-cient statis-tic)
. It must con-tain columns

Overfull \hbox (5.17676pt too wide) in paragraph at lines 1526--1534
\T1/ptm/m/n/10 customer-by-sufficient-statistic ma-trix first. This pa-ram-e-te
r de-ter-mines how many
(/usr/local/texlive/2014/texmf-dist/tex/latex/base/utf8.def) [31]
Overfull \hbox (4.45026pt too wide) in paragraph at lines 1631--1632
\T1/ptm/m/n/10 Model.'' De-cem-ber. 2008. Web. [][]$\T1/zi4/m/n/10 http : / / w
ww . brucehardie . com / notes / 021 / palive _ for _ BGNBD .
[32] (/usr/local/texlive/2014/texmf-dist/tex/latex/base/utf8.def)
Overfull \hbox (1.50623pt too wide) in paragraph at lines 1668--1669
[]\T1/ptm/m/n/10 calibration pe-riod CBS (cus-tomer by suf-fi-cient statis-tic)
. It must con-tain columns
[33] (/usr/local/texlive/2014/texmf-dist/tex/latex/base/utf8.def) [34]
Overfull \hbox (4.45026pt too wide) in paragraph at lines 1759--1760
\T1/ptm/m/n/10 Model.'' De-cem-ber. 2008. Web. [][]$\T1/zi4/m/n/10 http : / / w
ww . brucehardie . com / notes / 021 / palive _ for _ BGNBD .
(/usr/local/texlive/2014/texmf-dist/tex/latex/base/utf8.def) [35]
Overfull \hbox (28.33699pt too wide) in paragraph at lines 1808--1812
[]\T1/ptm/m/n/10 The func-tion au-to-mat-i-cally di-vides the to-tal pe-riod up
 into n.periods.final time in-ter-vals. \T1/zi4/m/n/10 n.periods.final
[36]
Overfull \hbox (52.0809pt too wide) in paragraph at lines 1845--1845
 []\T1/zi4/m/n/9 bgnbd.ExpectedCumulativeTransactions(params, T.cal=cal.cbs[,"T
.cal"], T.tot=39, n.periods.final=273)[] 
(/usr/local/texlive/2014/texmf-dist/tex/latex/base/utf8.def)
Overfull \hbox (1.50623pt too wide) in paragraph at lines 1868--1872
[]\T1/ptm/m/n/10 calibration pe-riod CBS (cus-tomer by suf-fi-cient statis-tic)
. It must con-tain columns
[37] (/usr/local/texlive/2014/texmf-dist/tex/latex/base/utf8.def) [38]
Overfull \hbox (4.45026pt too wide) in paragraph at lines 1986--1987
\T1/ptm/m/n/10 Model.'' De-cem-ber. 2008. Web. [][]$\T1/zi4/m/n/10 http : / / w
ww . brucehardie . com / notes / 021 / palive _ for _ BGNBD .
[39] (/usr/local/texlive/2014/texmf-dist/tex/latex/base/utf8.def)
(/usr/local/texlive/2014/texmf-dist/tex/latex/base/utf8.def) [40]
Overfull \hbox (1.50623pt too wide) in paragraph at lines 2067--2070
[]\T1/ptm/m/n/10 calibration pe-riod CBS (cus-tomer by suf-fi-cient statis-tic)
. It must con-tain columns
[41] (/usr/local/texlive/2014/texmf-dist/tex/latex/base/utf8.def)
Overfull \hbox (1.50623pt too wide) in paragraph at lines 2133--2134
[]\T1/ptm/m/n/10 calibration pe-riod CBS (cus-tomer by suf-fi-cient statis-tic)
. It must con-tain columns
[42]
Overfull \hbox (24.18091pt too wide) in paragraph at lines 2176--2176
 []\T1/zi4/m/n/9 bgnbd.PlotFreqVsConditionalExpectedFrequency(est.params, T.sta
r=39, cal.cbs, x.star, censor=7)[] 
(/usr/local/texlive/2014/texmf-dist/tex/latex/base/utf8.def) [43]
Overfull \hbox (1.50623pt too wide) in paragraph at lines 2202--2203
[]\T1/ptm/m/n/10 calibration pe-riod CBS (cus-tomer by suf-fi-cient statis-tic)
. It must con-tain columns
(/usr/local/texlive/2014/texmf-dist/tex/latex/base/utf8.def) [44] [45]
(/usr/local/texlive/2014/texmf-dist/tex/latex/base/utf8.def) [46]
(/usr/local/texlive/2014/texmf-dist/tex/latex/base/utf8.def) [47]
(/usr/local/texlive/2014/texmf-dist/tex/latex/base/utf8.def) [48]
Overfull \hbox (4.45026pt too wide) in paragraph at lines 2504--2505
\T1/ptm/m/n/10 Model.'' De-cem-ber. 2008. Web. [][]$\T1/zi4/m/n/10 http : / / w
ww . brucehardie . com / notes / 021 / palive _ for _ BGNBD .
(/usr/local/texlive/2014/texmf-dist/tex/latex/base/utf8.def) [49]
Overfull \hbox (4.45026pt too wide) in paragraph at lines 2579--2580
\T1/ptm/m/n/10 Model.'' De-cem-ber. 2008. Web. [][]$\T1/zi4/m/n/10 http : / / w
ww . brucehardie . com / notes / 021 / palive _ for _ BGNBD .
(/usr/local/texlive/2014/texmf-dist/tex/latex/base/utf8.def) [50]
(/usr/local/texlive/2014/texmf-dist/tex/latex/base/utf8.def) [51]
(/usr/local/texlive/2014/texmf-dist/tex/latex/base/utf8.def)
Overfull \hbox (1.34746pt too wide) in paragraph at lines 2710--2717
[]\T1/ptm/m/n/10 if cbt.is.during.cal.period is TRUE, then dates is a data fram
e with three columns:

Overfull \hbox (5.55704pt too wide) in paragraph at lines 2718--2720
[]\T1/ptm/m/n/10 interval of time for customer-by-sufficient-statistic ma-trix.
 May be "day", "week",
[52] (/usr/local/texlive/2014/texmf-dist/tex/latex/base/utf8.def) [53]
(/usr/local/texlive/2014/texmf-dist/tex/latex/base/utf8.def) [54]
(/usr/local/texlive/2014/texmf-dist/tex/latex/base/utf8.def) [55]
(/usr/local/texlive/2014/texmf-dist/tex/latex/base/utf8.def) [56]
(/usr/local/texlive/2014/texmf-dist/tex/latex/base/utf8.def)
(/usr/local/texlive/2014/texmf-dist/tex/latex/base/utf8.def) [57]
(/usr/local/texlive/2014/texmf-dist/tex/latex/base/utf8.def)
Overfull \hbox (5.55704pt too wide) in paragraph at lines 3025--3027
[]\T1/ptm/m/n/10 interval of time for customer-by-sufficient-statistic ma-trix.
 May be "day", "week",
[58] (/usr/local/texlive/2014/texmf-dist/tex/latex/base/utf8.def) [59]
Overfull \hbox (68.22633pt too wide) in paragraph at lines 3113--3119
\T1/ptm/m/n/10 in the third col-umn, and # sales num-bers in the fifth col-umn.
 elog <- dc.ReadLines(system.file("data/cdnowElog.csv",

Overfull \hbox (32.01674pt too wide) in paragraph at lines 3120--3123
[]\T1/ptm/m/n/10 # con-vert-ing the date col-umn to Date ob-jects is # nec-es-s
ary for this func-tion. elog$date <- as.Date(elog$date,
(/usr/local/texlive/2014/texmf-dist/tex/latex/base/utf8.def) [60]
(/usr/local/texlive/2014/texmf-dist/tex/latex/base/utf8.def)
(/usr/local/texlive/2014/texmf-dist/tex/latex/base/utf8.def) [61] [62]
(/usr/local/texlive/2014/texmf-dist/tex/latex/base/utf8.def)
(/usr/local/texlive/2014/texmf-dist/tex/latex/base/utf8.def) [63]
(/usr/local/texlive/2014/texmf-dist/tex/latex/base/utf8.def)
Overfull \hbox (27.67802pt too wide) in paragraph at lines 3363--3370
[]\T1/ptm/m/n/10 A work-around to avoid us-ing this func-tion is pre-sented in 
the ex-am-ple for [][]\T1/zi4/m/n/10 dc.BuildCBSFromCBTAndDates[][][]
[64]
Underfull \vbox (badness 3803) has occurred while \output is active [65]
Overfull \hbox (25.9809pt too wide) in paragraph at lines 3441--3441
 []\T1/zi4/m/n/9 fixed.holdout.cbs[,"T.star"] <- rep(max(fixed.holdout.cbs[,"T.
star"]),nrow(fixed.holdout.cbs))[] 
(/usr/local/texlive/2014/texmf-dist/tex/latex/base/utf8.def)
(/usr/local/texlive/2014/texmf-dist/tex/latex/base/utf8.def) [66] [67]
Underfull \vbox (badness 3803) has occurred while \output is active [68]
(/usr/local/texlive/2014/texmf-dist/tex/latex/base/utf8.def) [69]
Overfull \hbox (0.78091pt too wide) in paragraph at lines 3695--3695
 []\T1/zi4/m/n/9 # dc.PlotLogLikelihoodContours(bgbb.rf.matrix.LL, bgbb.est.par
ams, rf.matrix = rf.matrix,[] 
[70] (/usr/local/texlive/2014/texmf-dist/tex/latex/base/utf8.def) [71]
(/usr/local/texlive/2014/texmf-dist/tex/latex/base/utf8.def) [72]
(/usr/local/texlive/2014/texmf-dist/tex/latex/base/utf8.def)
(/usr/local/texlive/2014/texmf-dist/tex/latex/base/utf8.def) [73]
Overfull \hbox (38.8068pt too wide) in paragraph at lines 3902--3904
[]\T1/ptm/m/n/10 This dataset was sim-u-lated in or-der to il-lus-trate cer-tai
n data-conversion func-tions (see [][]\T1/zi4/m/n/10 dc.MakeRFmatrixCal[][][]\T
1/ptm/m/n/10 ). 
(/usr/local/texlive/2014/texmf-dist/tex/latex/base/utf8.def) [74]
Overfull \hbox (4.03896pt too wide) in paragraph at lines 3971--3973
[]\T1/ptm/m/n/10 Data can be found on-line at [][]$\T1/zi4/m/n/10 http : / / ww
w . brucehardie . com / notes / 010/$[][] \T1/ptm/m/n/10 (As-so-ci-ated Ex-cel 
spread-
(/usr/local/texlive/2014/texmf-dist/tex/latex/base/utf8.def)
Overfull \hbox (1.50623pt too wide) in paragraph at lines 4002--4003
[]\T1/ptm/m/n/10 calibration pe-riod CBS (cus-tomer by suf-fi-cient statis-tic)
. It must con-tain columns

Overfull \hbox (5.17676pt too wide) in paragraph at lines 4004--4012
\T1/ptm/m/n/10 customer-by-sufficient-statistic ma-trix first. This pa-ram-e-te
r de-ter-mines how many
[75] (/usr/local/texlive/2014/texmf-dist/tex/latex/base/utf8.def) [76]
(/usr/local/texlive/2014/texmf-dist/tex/latex/base/utf8.def) [77] [78]
(/usr/local/texlive/2014/texmf-dist/tex/latex/base/utf8.def)
Overfull \hbox (1.50623pt too wide) in paragraph at lines 4233--4238
[]\T1/ptm/m/n/10 calibration pe-riod CBS (cus-tomer by suf-fi-cient statis-tic)
. It must con-tain columns
[79] (/usr/local/texlive/2014/texmf-dist/tex/latex/base/utf8.def) [80]
(/usr/local/texlive/2014/texmf-dist/tex/latex/base/utf8.def) [81]
Overfull \hbox (28.33699pt too wide) in paragraph at lines 4380--4384
[]\T1/ptm/m/n/10 The func-tion au-to-mat-i-cally di-vides the to-tal pe-riod up
 into n.periods.final time in-ter-vals. \T1/zi4/m/n/10 n.periods.final
[82] (/usr/local/texlive/2014/texmf-dist/tex/latex/base/utf8.def)
Overfull \hbox (1.50623pt too wide) in paragraph at lines 4442--4447
[]\T1/ptm/m/n/10 calibration pe-riod CBS (cus-tomer by suf-fi-cient statis-tic)
. It must con-tain columns
[83] (/usr/local/texlive/2014/texmf-dist/tex/latex/base/utf8.def) [84] [85]
(/usr/local/texlive/2014/texmf-dist/tex/latex/base/utf8.def) [86]
(/usr/local/texlive/2014/texmf-dist/tex/latex/base/utf8.def) [87]
(/usr/local/texlive/2014/texmf-dist/tex/latex/base/utf8.def)
Overfull \hbox (1.50623pt too wide) in paragraph at lines 4736--4739
[]\T1/ptm/m/n/10 calibration pe-riod CBS (cus-tomer by suf-fi-cient statis-tic)
. It must con-tain columns
[88] (/usr/local/texlive/2014/texmf-dist/tex/latex/base/utf8.def) [89]
Overfull \hbox (1.50623pt too wide) in paragraph at lines 4802--4803
[]\T1/ptm/m/n/10 calibration pe-riod CBS (cus-tomer by suf-fi-cient statis-tic)
. It must con-tain columns

Overfull \hbox (19.68091pt too wide) in paragraph at lines 4845--4845
 []\T1/zi4/m/n/9 pnbd.PlotFreqVsConditionalExpectedFrequency(est.params, T.star
=39, cal.cbs, x.star, censor=7)[] 
(/usr/local/texlive/2014/texmf-dist/tex/latex/base/utf8.def) [90]
Overfull \hbox (1.50623pt too wide) in paragraph at lines 4871--4872
[]\T1/ptm/m/n/10 calibration pe-riod CBS (cus-tomer by suf-fi-cient statis-tic)
. It must con-tain columns
[91] (/usr/local/texlive/2014/texmf-dist/tex/latex/base/utf8.def) [92]
(/usr/local/texlive/2014/texmf-dist/tex/latex/base/utf8.def) [93] [94]
(/usr/local/texlive/2014/texmf-dist/tex/latex/base/utf8.def)
(/usr/local/texlive/2014/texmf-dist/tex/latex/base/utf8.def) [95] [96]
(/usr/local/texlive/2014/texmf-dist/tex/latex/base/utf8.def) [97]
(/usr/local/texlive/2014/texmf-dist/tex/latex/base/utf8.def) [98]
(/usr/local/texlive/2014/texmf-dist/tex/latex/base/utf8.def) [99]
(/usr/local/texlive/2014/texmf-dist/tex/latex/base/utf8.def) [100] [101]
(/usr/local/texlive/2014/texmf-dist/tex/latex/base/utf8.def) [102]
(/usr/local/texlive/2014/texmf-dist/tex/latex/base/utf8.def) [103] (./Rd2.ind
[104]
Overfull \hbox (28.3567pt too wide) in paragraph at lines 26--28
[]\T1/zi4/m/n/10 bgbb.PlotFreqVsConditionalExpectedFrequency\T1/ptm/m/n/10 , 

Overfull \hbox (23.3567pt too wide) in paragraph at lines 28--30
[]\T1/zi4/m/n/10 bgbb.PlotRecVsConditionalExpectedFrequency\T1/ptm/m/n/10 , 

LaTeX Font Warning: Font shape `T1/zi4/m/it' undefined
(Font)              using `T1/zi4/m/n' instead on input line 42.


Overfull \hbox (5.8567pt too wide) in paragraph at lines 49--51
[]\T1/zi4/m/it/10 bgbb.rf.matrix.PosteriorMeanDropoutRate 

Overfull \hbox (5.01662pt too wide) in paragraph at lines 49--51
\T1/ptm/m/it/10 (\T1/zi4/m/it/10 bgbb.PosteriorMeanDropoutRate\T1/ptm/m/it/10 )
\T1/ptm/m/n/10 , 

Overfull \hbox (25.8567pt too wide) in paragraph at lines 51--53
[]\T1/zi4/m/it/10 bgbb.rf.matrix.PosteriorMeanTransactionRate 

Overfull \hbox (25.01662pt too wide) in paragraph at lines 51--53
\T1/ptm/m/it/10 (\T1/zi4/m/it/10 bgbb.PosteriorMeanTransactionRate\T1/ptm/m/it/
10 )\T1/ptm/m/n/10 , 

Overfull \hbox (33.3567pt too wide) in paragraph at lines 73--75
[]\T1/zi4/m/it/10 bgnbd.PlotFreqVsConditionalExpectedFrequency\T1/ptm/m/n/10 , 


Overfull \hbox (28.3567pt too wide) in paragraph at lines 75--77
[]\T1/zi4/m/it/10 bgnbd.PlotRecVsConditionalExpectedFrequency\T1/ptm/m/n/10 , 

Overfull \hbox (3.3567pt too wide) in paragraph at lines 79--81
[]\T1/zi4/m/it/10 bgnbd.PlotTransactionRateHeterogeneity\T1/ptm/m/n/10 , 
[105]
Overfull \hbox (28.3567pt too wide) in paragraph at lines 148--150
[]\T1/zi4/m/it/10 pnbd.PlotFreqVsConditionalExpectedFrequency\T1/ptm/m/n/10 , 

Overfull \hbox (23.3567pt too wide) in paragraph at lines 150--152
[]\T1/zi4/m/it/10 pnbd.PlotRecVsConditionalExpectedFrequency\T1/ptm/m/n/10 , 
[106]) (./Rd2.aux)

Package rerunfilecheck Warning: File `Rd2.out' has changed.
(rerunfilecheck)                Rerun to get outlines right
(rerunfilecheck)                or use package `bookmark'.


LaTeX Font Warning: Some font shapes were not available, defaults substituted.

 )
(see the transcript file for additional information){/usr/local/texlive/2014/te
xmf-dist/fonts/enc/dvips/inconsolata/i4-ts1.enc}{/usr/local/texlive/2014/texmf-
dist/fonts/enc/dvips/base/8r.enc}{/usr/local/texlive/2014/texmf-dist/fonts/enc/
dvips/inconsolata/i4-t1-0.enc}</usr/local/texlive/2014/texmf-dist/fonts/type1/p
ublic/inconsolata/Inconsolata-zi4r.pfb></usr/local/texlive/2014/texmf-dist/font
s/type1/public/amsfonts/cm/cmsy10.pfb></usr/local/texlive/2014/texmf-dist/fonts
/type1/urw/helvetic/uhvr8a.pfb></usr/local/texlive/2014/texmf-dist/fonts/type1/
urw/times/utmb8a.pfb></usr/local/texlive/2014/texmf-dist/fonts/type1/urw/times/
utmr8a.pfb></usr/local/texlive/2014/texmf-dist/fonts/type1/urw/times/utmr8a.pfb
></usr/local/texlive/2014/texmf-dist/fonts/type1/urw/times/utmri8a.pfb>
Output written on Rd2.pdf (106 pages, 304044 bytes).
Transcript written on Rd2.log.
This is makeindex, version 2.15 [TeX Live 2014] (kpathsea + Thai support).
Scanning input file Rd2.idx....done (142 entries accepted, 0 rejected).
Sorting entries....done (1063 comparisons).
Generating output file Rd2.ind....done (169 lines written, 1 warning).
Output written in Rd2.ind.
Transcript written in Rd2.ilg.
This is pdfTeX, Version 3.14159265-2.6-1.40.15 (TeX Live 2014) (preloaded format=pdflatex)
 restricted \write18 enabled.
entering extended mode
LaTeX2e <2014/05/01>
Babel <3.9k> and hyphenation patterns for 78 languages loaded.
(./Rd2.tex
(/usr/local/texlive/2014/texmf-dist/tex/latex/base/book.cls
Document Class: book 2007/10/19 v1.4h Standard LaTeX document class
(/usr/local/texlive/2014/texmf-dist/tex/latex/base/bk10.clo))
(/Library/Frameworks/R.framework/Resources/share/texmf/tex/latex/Rd.sty
(/usr/local/texlive/2014/texmf-dist/tex/latex/base/ifthen.sty)
(/usr/local/texlive/2014/texmf-dist/tex/latex/tools/longtable.sty)
(/usr/local/texlive/2014/texmf-dist/tex/latex/tools/bm.sty)
(/usr/local/texlive/2014/texmf-dist/tex/latex/base/alltt.sty)
(/usr/local/texlive/2014/texmf-dist/tex/latex/tools/verbatim.sty)
(/usr/local/texlive/2014/texmf-dist/tex/latex/url/url.sty)
(/usr/local/texlive/2014/texmf-dist/tex/latex/base/textcomp.sty
(/usr/local/texlive/2014/texmf-dist/tex/latex/base/ts1enc.def))
(/usr/local/texlive/2014/texmf-dist/tex/latex/base/fontenc.sty
(/usr/local/texlive/2014/texmf-dist/tex/latex/base/t1enc.def))
(/usr/local/texlive/2014/texmf-dist/tex/latex/psnfss/times.sty)
(/usr/local/texlive/2014/texmf-dist/tex/latex/inconsolata/zi4.sty
(/usr/local/texlive/2014/texmf-dist/tex/latex/graphics/keyval.sty))
(/usr/local/texlive/2014/texmf-dist/tex/latex/graphics/color.sty
(/usr/local/texlive/2014/texmf-dist/tex/latex/latexconfig/color.cfg)
(/usr/local/texlive/2014/texmf-dist/tex/latex/pdftex-def/pdftex.def
(/usr/local/texlive/2014/texmf-dist/tex/generic/oberdiek/infwarerr.sty)
(/usr/local/texlive/2014/texmf-dist/tex/generic/oberdiek/ltxcmds.sty)))
(/usr/local/texlive/2014/texmf-dist/tex/latex/hyperref/hyperref.sty
(/usr/local/texlive/2014/texmf-dist/tex/generic/oberdiek/hobsub-hyperref.sty
(/usr/local/texlive/2014/texmf-dist/tex/generic/oberdiek/hobsub-generic.sty))
(/usr/local/texlive/2014/texmf-dist/tex/generic/ifxetex/ifxetex.sty)
(/usr/local/texlive/2014/texmf-dist/tex/latex/oberdiek/auxhook.sty)
(/usr/local/texlive/2014/texmf-dist/tex/latex/oberdiek/kvoptions.sty)
(/usr/local/texlive/2014/texmf-dist/tex/latex/hyperref/pd1enc.def)
(/usr/local/texlive/2014/texmf-dist/tex/latex/latexconfig/hyperref.cfg))

Package hyperref Message: Driver (autodetected): hpdftex.

(/usr/local/texlive/2014/texmf-dist/tex/latex/hyperref/hpdftex.def
(/usr/local/texlive/2014/texmf-dist/tex/latex/oberdiek/rerunfilecheck.sty))

Package hyperref Warning: Option `hyperindex' has already been used,
(hyperref)                setting the option has no effect on input line 366.


Package hyperref Warning: Option `pagebackref' has already been used,
(hyperref)                setting the option has no effect on input line 366.

) (/usr/local/texlive/2014/texmf-dist/tex/latex/base/makeidx.sty)
(/usr/local/texlive/2014/texmf-dist/tex/latex/base/inputenc.sty
(/usr/local/texlive/2014/texmf-dist/tex/latex/base/utf8.def
(/usr/local/texlive/2014/texmf-dist/tex/latex/base/t1enc.dfu)
(/usr/local/texlive/2014/texmf-dist/tex/latex/base/ot1enc.dfu)
(/usr/local/texlive/2014/texmf-dist/tex/latex/base/omsenc.dfu)
(/usr/local/texlive/2014/texmf-dist/tex/latex/base/ts1enc.dfu))
(/usr/local/texlive/2014/texmf-dist/tex/latex/base/latin1.def))
Writing index file Rd2.idx
(./Rd2.aux) (/usr/local/texlive/2014/texmf-dist/tex/latex/base/ts1cmr.fd)
(/usr/local/texlive/2014/texmf-dist/tex/latex/psnfss/t1ptm.fd)
(/usr/local/texlive/2014/texmf-dist/tex/context/base/supp-pdf.mkii
[Loading MPS to PDF converter (version 2006.09.02).]
) (/usr/local/texlive/2014/texmf-dist/tex/latex/hyperref/nameref.sty
(/usr/local/texlive/2014/texmf-dist/tex/generic/oberdiek/gettitlestring.sty))
(./Rd2.out) (./Rd2.out)
(/usr/local/texlive/2014/texmf-dist/tex/latex/inconsolata/t1zi4.fd)
(/usr/local/texlive/2014/texmf-dist/tex/latex/psnfss/ts1ptm.fd)
(/usr/local/texlive/2014/texmf-dist/tex/latex/psnfss/t1phv.fd) (./Rd2.toc
[1{/usr/local/texlive/2014/texmf-var/fonts/map/pdftex/updmap/pdftex.map}]
[2]) (/usr/local/texlive/2014/texmf-dist/tex/latex/base/utf8.def)
Underfull \hbox (badness 10000) in paragraph at lines 52--54


Underfull \hbox (badness 10000) in paragraph at lines 55--56

[3]
Overfull \hbox (4.45026pt too wide) in paragraph at lines 107--109
\T1/ptm/m/n/10 Model.'' De-cem-ber. 2008. Web. [][]$\T1/zi4/m/n/10 http : / / w
ww . brucehardie . com / notes / 021 / palive _ for _ BGNBD .
(/usr/local/texlive/2014/texmf-dist/tex/latex/base/utf8.def) [4] [5]
(/usr/local/texlive/2014/texmf-dist/tex/latex/base/utf8.def) [6] [7]
(/usr/local/texlive/2014/texmf-dist/tex/latex/base/utf8.def) [8]
(/usr/local/texlive/2014/texmf-dist/tex/latex/base/utf8.def) [9]
(/usr/local/texlive/2014/texmf-dist/tex/latex/base/utf8.def) [10]
(/usr/local/texlive/2014/texmf-dist/tex/latex/base/utf8.def) [11] [12]
(/usr/local/texlive/2014/texmf-dist/tex/latex/base/utf8.def) [13]
(/usr/local/texlive/2014/texmf-dist/tex/latex/base/utf8.def) [14]
(/usr/local/texlive/2014/texmf-dist/tex/latex/base/utf8.def) [15]
(/usr/local/texlive/2014/texmf-dist/tex/latex/base/utf8.def) [16]
(/usr/local/texlive/2014/texmf-dist/tex/latex/base/utf8.def) [17] [18]
Overfull \hbox (10.68091pt too wide) in paragraph at lines 869--869
 []\T1/zi4/m/n/9 bgbb.PlotFreqVsConditionalExpectedFrequency(est.params, n.star
, rf.matrix, x.star, trunc=6)[] 
(/usr/local/texlive/2014/texmf-dist/tex/latex/base/utf8.def) [19] [20]
Overfull \hbox (6.18091pt too wide) in paragraph at lines 945--945
 []\T1/zi4/m/n/9 bgbb.PlotRecVsConditionalExpectedFrequency(est.params, n.star,
 rf.matrix, x.star, trunc=6)[] 
(/usr/local/texlive/2014/texmf-dist/tex/latex/base/utf8.def) [21]
(/usr/local/texlive/2014/texmf-dist/tex/latex/inconsolata/ts1zi4.fd)
Overfull \hbox (38.5809pt too wide) in paragraph at lines 1032--1032
 []\T1/zi4/m/n/9 bgbb.PlotTrackingCum(est.params, rf.matrix, actual.cum.repeat.
transactions, xticklab=x.tickmarks)[] 
(/usr/local/texlive/2014/texmf-dist/tex/latex/base/utf8.def) [22] [23]
Overfull \hbox (38.5809pt too wide) in paragraph at lines 1117--1117
 []\T1/zi4/m/n/9 bgbb.PlotTrackingInc(est.params, rf.matrix, actual.inc.repeat.
transactions, xticklab=x.tickmarks)[] 
(/usr/local/texlive/2014/texmf-dist/tex/latex/base/utf8.def) [24]
(/usr/local/texlive/2014/texmf-dist/tex/latex/base/utf8.def) [25]
(/usr/local/texlive/2014/texmf-dist/tex/latex/base/utf8.def) [26]
(/usr/local/texlive/2014/texmf-dist/tex/latex/base/utf8.def) [27] [28]
(/usr/local/texlive/2014/texmf-dist/tex/latex/base/utf8.def) [29]
(/usr/local/texlive/2014/texmf-dist/tex/latex/base/utf8.def)
Overfull \hbox (109.17717pt too wide) in paragraph at lines 1467--1470
[]\T1/ptm/m/n/10 E(P | al-pha, beta, gamma, delta, x, t.x, n). This is cal-cu-l
ated by set-ting l=1 and m=0 in [][]\T1/zi4/m/n/10 bgbb.PosteriorMeanLmProductM
oment[][][]\T1/ptm/m/n/10 . 
[30] (/usr/local/texlive/2014/texmf-dist/tex/latex/base/utf8.def)
Overfull \hbox (1.50623pt too wide) in paragraph at lines 1524--1525
[]\T1/ptm/m/n/10 calibration pe-riod CBS (cus-tomer by suf-fi-cient statis-tic)
. It must con-tain columns

Overfull \hbox (5.17676pt too wide) in paragraph at lines 1526--1534
\T1/ptm/m/n/10 customer-by-sufficient-statistic ma-trix first. This pa-ram-e-te
r de-ter-mines how many
[31] (/usr/local/texlive/2014/texmf-dist/tex/latex/base/utf8.def) [32]
Overfull \hbox (4.45026pt too wide) in paragraph at lines 1631--1632
\T1/ptm/m/n/10 Model.'' De-cem-ber. 2008. Web. [][]$\T1/zi4/m/n/10 http : / / w
ww . brucehardie . com / notes / 021 / palive _ for _ BGNBD .
[33] (/usr/local/texlive/2014/texmf-dist/tex/latex/base/utf8.def)
Overfull \hbox (1.50623pt too wide) in paragraph at lines 1668--1669
[]\T1/ptm/m/n/10 calibration pe-riod CBS (cus-tomer by suf-fi-cient statis-tic)
. It must con-tain columns
[34] (/usr/local/texlive/2014/texmf-dist/tex/latex/base/utf8.def)
Overfull \hbox (4.45026pt too wide) in paragraph at lines 1759--1760
\T1/ptm/m/n/10 Model.'' De-cem-ber. 2008. Web. [][]$\T1/zi4/m/n/10 http : / / w
ww . brucehardie . com / notes / 021 / palive _ for _ BGNBD .
[35] (/usr/local/texlive/2014/texmf-dist/tex/latex/base/utf8.def)
Overfull \hbox (28.33699pt too wide) in paragraph at lines 1808--1812
[]\T1/ptm/m/n/10 The func-tion au-to-mat-i-cally di-vides the to-tal pe-riod up
 into n.periods.final time in-ter-vals. \T1/zi4/m/n/10 n.periods.final
[36]
Overfull \hbox (52.0809pt too wide) in paragraph at lines 1845--1845
 []\T1/zi4/m/n/9 bgnbd.ExpectedCumulativeTransactions(params, T.cal=cal.cbs[,"T
.cal"], T.tot=39, n.periods.final=273)[] 
(/usr/local/texlive/2014/texmf-dist/tex/latex/base/utf8.def) [37]
Overfull \hbox (1.50623pt too wide) in paragraph at lines 1868--1872
[]\T1/ptm/m/n/10 calibration pe-riod CBS (cus-tomer by suf-fi-cient statis-tic)
. It must con-tain columns
[38] (/usr/local/texlive/2014/texmf-dist/tex/latex/base/utf8.def)
Overfull \hbox (4.45026pt too wide) in paragraph at lines 1986--1987
\T1/ptm/m/n/10 Model.'' De-cem-ber. 2008. Web. [][]$\T1/zi4/m/n/10 http : / / w
ww . brucehardie . com / notes / 021 / palive _ for _ BGNBD .
[39] (/usr/local/texlive/2014/texmf-dist/tex/latex/base/utf8.def) [40]
(/usr/local/texlive/2014/texmf-dist/tex/latex/base/utf8.def)
Overfull \hbox (1.50623pt too wide) in paragraph at lines 2067--2070
[]\T1/ptm/m/n/10 calibration pe-riod CBS (cus-tomer by suf-fi-cient statis-tic)
. It must con-tain columns
[41] (/usr/local/texlive/2014/texmf-dist/tex/latex/base/utf8.def)
Overfull \hbox (1.50623pt too wide) in paragraph at lines 2133--2134
[]\T1/ptm/m/n/10 calibration pe-riod CBS (cus-tomer by suf-fi-cient statis-tic)
. It must con-tain columns
[42]
Overfull \hbox (24.18091pt too wide) in paragraph at lines 2176--2176
 []\T1/zi4/m/n/9 bgnbd.PlotFreqVsConditionalExpectedFrequency(est.params, T.sta
r=39, cal.cbs, x.star, censor=7)[] 
(/usr/local/texlive/2014/texmf-dist/tex/latex/base/utf8.def) [43]
Overfull \hbox (1.50623pt too wide) in paragraph at lines 2202--2203
[]\T1/ptm/m/n/10 calibration pe-riod CBS (cus-tomer by suf-fi-cient statis-tic)
. It must con-tain columns
(/usr/local/texlive/2014/texmf-dist/tex/latex/base/utf8.def) [44] [45]
(/usr/local/texlive/2014/texmf-dist/tex/latex/base/utf8.def) [46]
(/usr/local/texlive/2014/texmf-dist/tex/latex/base/utf8.def) [47]
(/usr/local/texlive/2014/texmf-dist/tex/latex/base/utf8.def) [48]
Overfull \hbox (4.45026pt too wide) in paragraph at lines 2504--2505
\T1/ptm/m/n/10 Model.'' De-cem-ber. 2008. Web. [][]$\T1/zi4/m/n/10 http : / / w
ww . brucehardie . com / notes / 021 / palive _ for _ BGNBD .
(/usr/local/texlive/2014/texmf-dist/tex/latex/base/utf8.def) [49]
Overfull \hbox (4.45026pt too wide) in paragraph at lines 2579--2580
\T1/ptm/m/n/10 Model.'' De-cem-ber. 2008. Web. [][]$\T1/zi4/m/n/10 http : / / w
ww . brucehardie . com / notes / 021 / palive _ for _ BGNBD .
(/usr/local/texlive/2014/texmf-dist/tex/latex/base/utf8.def) [50]
(/usr/local/texlive/2014/texmf-dist/tex/latex/base/utf8.def) [51]
(/usr/local/texlive/2014/texmf-dist/tex/latex/base/utf8.def)
Overfull \hbox (1.34746pt too wide) in paragraph at lines 2710--2717
[]\T1/ptm/m/n/10 if cbt.is.during.cal.period is TRUE, then dates is a data fram
e with three columns:

Overfull \hbox (5.55704pt too wide) in paragraph at lines 2718--2720
[]\T1/ptm/m/n/10 interval of time for customer-by-sufficient-statistic ma-trix.
 May be "day", "week",
[52] (/usr/local/texlive/2014/texmf-dist/tex/latex/base/utf8.def) [53]
(/usr/local/texlive/2014/texmf-dist/tex/latex/base/utf8.def) [54]
(/usr/local/texlive/2014/texmf-dist/tex/latex/base/utf8.def) [55]
(/usr/local/texlive/2014/texmf-dist/tex/latex/base/utf8.def) [56]
(/usr/local/texlive/2014/texmf-dist/tex/latex/base/utf8.def)
(/usr/local/texlive/2014/texmf-dist/tex/latex/base/utf8.def) [57]
(/usr/local/texlive/2014/texmf-dist/tex/latex/base/utf8.def)
Overfull \hbox (5.55704pt too wide) in paragraph at lines 3025--3027
[]\T1/ptm/m/n/10 interval of time for customer-by-sufficient-statistic ma-trix.
 May be "day", "week",
[58] (/usr/local/texlive/2014/texmf-dist/tex/latex/base/utf8.def) [59]
Overfull \hbox (68.22633pt too wide) in paragraph at lines 3113--3119
\T1/ptm/m/n/10 in the third col-umn, and # sales num-bers in the fifth col-umn.
 elog <- dc.ReadLines(system.file("data/cdnowElog.csv",

Overfull \hbox (32.01674pt too wide) in paragraph at lines 3120--3123
[]\T1/ptm/m/n/10 # con-vert-ing the date col-umn to Date ob-jects is # nec-es-s
ary for this func-tion. elog$date <- as.Date(elog$date,
(/usr/local/texlive/2014/texmf-dist/tex/latex/base/utf8.def) [60]
(/usr/local/texlive/2014/texmf-dist/tex/latex/base/utf8.def)
(/usr/local/texlive/2014/texmf-dist/tex/latex/base/utf8.def) [61] [62]
(/usr/local/texlive/2014/texmf-dist/tex/latex/base/utf8.def)
(/usr/local/texlive/2014/texmf-dist/tex/latex/base/utf8.def) [63]
(/usr/local/texlive/2014/texmf-dist/tex/latex/base/utf8.def)
Overfull \hbox (27.67802pt too wide) in paragraph at lines 3363--3370
[]\T1/ptm/m/n/10 A work-around to avoid us-ing this func-tion is pre-sented in 
the ex-am-ple for [][]\T1/zi4/m/n/10 dc.BuildCBSFromCBTAndDates[][][]
[64]
Underfull \vbox (badness 3803) has occurred while \output is active [65]
Overfull \hbox (25.9809pt too wide) in paragraph at lines 3441--3441
 []\T1/zi4/m/n/9 fixed.holdout.cbs[,"T.star"] <- rep(max(fixed.holdout.cbs[,"T.
star"]),nrow(fixed.holdout.cbs))[] 
(/usr/local/texlive/2014/texmf-dist/tex/latex/base/utf8.def)
(/usr/local/texlive/2014/texmf-dist/tex/latex/base/utf8.def) [66] [67]
Underfull \vbox (badness 3803) has occurred while \output is active [68]
(/usr/local/texlive/2014/texmf-dist/tex/latex/base/utf8.def) [69]
Overfull \hbox (0.78091pt too wide) in paragraph at lines 3695--3695
 []\T1/zi4/m/n/9 # dc.PlotLogLikelihoodContours(bgbb.rf.matrix.LL, bgbb.est.par
ams, rf.matrix = rf.matrix,[] 
[70] (/usr/local/texlive/2014/texmf-dist/tex/latex/base/utf8.def) [71]
(/usr/local/texlive/2014/texmf-dist/tex/latex/base/utf8.def) [72]
(/usr/local/texlive/2014/texmf-dist/tex/latex/base/utf8.def)
(/usr/local/texlive/2014/texmf-dist/tex/latex/base/utf8.def) [73]
Overfull \hbox (38.8068pt too wide) in paragraph at lines 3902--3904
[]\T1/ptm/m/n/10 This dataset was sim-u-lated in or-der to il-lus-trate cer-tai
n data-conversion func-tions (see [][]\T1/zi4/m/n/10 dc.MakeRFmatrixCal[][][]\T
1/ptm/m/n/10 ). 
(/usr/local/texlive/2014/texmf-dist/tex/latex/base/utf8.def) [74]
Overfull \hbox (4.03896pt too wide) in paragraph at lines 3971--3973
[]\T1/ptm/m/n/10 Data can be found on-line at [][]$\T1/zi4/m/n/10 http : / / ww
w . brucehardie . com / notes / 010/$[][] \T1/ptm/m/n/10 (As-so-ci-ated Ex-cel 
spread-
(/usr/local/texlive/2014/texmf-dist/tex/latex/base/utf8.def)
Overfull \hbox (1.50623pt too wide) in paragraph at lines 4002--4003
[]\T1/ptm/m/n/10 calibration pe-riod CBS (cus-tomer by suf-fi-cient statis-tic)
. It must con-tain columns

Overfull \hbox (5.17676pt too wide) in paragraph at lines 4004--4012
\T1/ptm/m/n/10 customer-by-sufficient-statistic ma-trix first. This pa-ram-e-te
r de-ter-mines how many
[75] (/usr/local/texlive/2014/texmf-dist/tex/latex/base/utf8.def) [76]
(/usr/local/texlive/2014/texmf-dist/tex/latex/base/utf8.def) [77] [78]
(/usr/local/texlive/2014/texmf-dist/tex/latex/base/utf8.def)
Overfull \hbox (1.50623pt too wide) in paragraph at lines 4233--4238
[]\T1/ptm/m/n/10 calibration pe-riod CBS (cus-tomer by suf-fi-cient statis-tic)
. It must con-tain columns
[79] (/usr/local/texlive/2014/texmf-dist/tex/latex/base/utf8.def) [80]
(/usr/local/texlive/2014/texmf-dist/tex/latex/base/utf8.def) [81]
Overfull \hbox (28.33699pt too wide) in paragraph at lines 4380--4384
[]\T1/ptm/m/n/10 The func-tion au-to-mat-i-cally di-vides the to-tal pe-riod up
 into n.periods.final time in-ter-vals. \T1/zi4/m/n/10 n.periods.final
[82] (/usr/local/texlive/2014/texmf-dist/tex/latex/base/utf8.def)
Overfull \hbox (1.50623pt too wide) in paragraph at lines 4442--4447
[]\T1/ptm/m/n/10 calibration pe-riod CBS (cus-tomer by suf-fi-cient statis-tic)
. It must con-tain columns
[83] (/usr/local/texlive/2014/texmf-dist/tex/latex/base/utf8.def) [84] [85]
(/usr/local/texlive/2014/texmf-dist/tex/latex/base/utf8.def) [86]
(/usr/local/texlive/2014/texmf-dist/tex/latex/base/utf8.def) [87]
(/usr/local/texlive/2014/texmf-dist/tex/latex/base/utf8.def)
Overfull \hbox (1.50623pt too wide) in paragraph at lines 4736--4739
[]\T1/ptm/m/n/10 calibration pe-riod CBS (cus-tomer by suf-fi-cient statis-tic)
. It must con-tain columns
[88] (/usr/local/texlive/2014/texmf-dist/tex/latex/base/utf8.def) [89]
Overfull \hbox (1.50623pt too wide) in paragraph at lines 4802--4803
[]\T1/ptm/m/n/10 calibration pe-riod CBS (cus-tomer by suf-fi-cient statis-tic)
. It must con-tain columns

Overfull \hbox (19.68091pt too wide) in paragraph at lines 4845--4845
 []\T1/zi4/m/n/9 pnbd.PlotFreqVsConditionalExpectedFrequency(est.params, T.star
=39, cal.cbs, x.star, censor=7)[] 
(/usr/local/texlive/2014/texmf-dist/tex/latex/base/utf8.def) [90]
Overfull \hbox (1.50623pt too wide) in paragraph at lines 4871--4872
[]\T1/ptm/m/n/10 calibration pe-riod CBS (cus-tomer by suf-fi-cient statis-tic)
. It must con-tain columns
[91] (/usr/local/texlive/2014/texmf-dist/tex/latex/base/utf8.def) [92]
(/usr/local/texlive/2014/texmf-dist/tex/latex/base/utf8.def) [93] [94]
(/usr/local/texlive/2014/texmf-dist/tex/latex/base/utf8.def)
(/usr/local/texlive/2014/texmf-dist/tex/latex/base/utf8.def) [95] [96]
(/usr/local/texlive/2014/texmf-dist/tex/latex/base/utf8.def) [97]
(/usr/local/texlive/2014/texmf-dist/tex/latex/base/utf8.def) [98]
(/usr/local/texlive/2014/texmf-dist/tex/latex/base/utf8.def) [99]
(/usr/local/texlive/2014/texmf-dist/tex/latex/base/utf8.def) [100] [101]
(/usr/local/texlive/2014/texmf-dist/tex/latex/base/utf8.def) [102]
(/usr/local/texlive/2014/texmf-dist/tex/latex/base/utf8.def) [103] (./Rd2.ind
[104]
Overfull \hbox (28.3567pt too wide) in paragraph at lines 25--27
[]\T1/zi4/m/n/10 bgbb.PlotFreqVsConditionalExpectedFrequency\T1/ptm/m/n/10 , 

Overfull \hbox (23.3567pt too wide) in paragraph at lines 27--29
[]\T1/zi4/m/n/10 bgbb.PlotRecVsConditionalExpectedFrequency\T1/ptm/m/n/10 , 

LaTeX Font Warning: Font shape `T1/zi4/m/it' undefined
(Font)              using `T1/zi4/m/n' instead on input line 41.


Overfull \hbox (5.8567pt too wide) in paragraph at lines 48--50
[]\T1/zi4/m/it/10 bgbb.rf.matrix.PosteriorMeanDropoutRate 

Overfull \hbox (5.01662pt too wide) in paragraph at lines 48--50
\T1/ptm/m/it/10 (\T1/zi4/m/it/10 bgbb.PosteriorMeanDropoutRate\T1/ptm/m/it/10 )
\T1/ptm/m/n/10 , 

Overfull \hbox (25.8567pt too wide) in paragraph at lines 50--52
[]\T1/zi4/m/it/10 bgbb.rf.matrix.PosteriorMeanTransactionRate 

Overfull \hbox (25.01662pt too wide) in paragraph at lines 50--52
\T1/ptm/m/it/10 (\T1/zi4/m/it/10 bgbb.PosteriorMeanTransactionRate\T1/ptm/m/it/
10 )\T1/ptm/m/n/10 , 

Overfull \hbox (33.3567pt too wide) in paragraph at lines 72--74
[]\T1/zi4/m/it/10 bgnbd.PlotFreqVsConditionalExpectedFrequency\T1/ptm/m/n/10 , 


Overfull \hbox (28.3567pt too wide) in paragraph at lines 74--76
[]\T1/zi4/m/it/10 bgnbd.PlotRecVsConditionalExpectedFrequency\T1/ptm/m/n/10 , 

Overfull \hbox (3.3567pt too wide) in paragraph at lines 78--80
[]\T1/zi4/m/it/10 bgnbd.PlotTransactionRateHeterogeneity\T1/ptm/m/n/10 , 
[105]
Overfull \hbox (28.3567pt too wide) in paragraph at lines 147--149
[]\T1/zi4/m/it/10 pnbd.PlotFreqVsConditionalExpectedFrequency\T1/ptm/m/n/10 , 

Overfull \hbox (23.3567pt too wide) in paragraph at lines 149--151
[]\T1/zi4/m/it/10 pnbd.PlotRecVsConditionalExpectedFrequency\T1/ptm/m/n/10 , 
[106]) (./Rd2.aux)

LaTeX Font Warning: Some font shapes were not available, defaults substituted.

 )
(see the transcript file for additional information){/usr/local/texlive/2014/te
xmf-dist/fonts/enc/dvips/inconsolata/i4-ts1.enc}{/usr/local/texlive/2014/texmf-
dist/fonts/enc/dvips/base/8r.enc}{/usr/local/texlive/2014/texmf-dist/fonts/enc/
dvips/inconsolata/i4-t1-0.enc}</usr/local/texlive/2014/texmf-dist/fonts/type1/p
ublic/inconsolata/Inconsolata-zi4r.pfb></usr/local/texlive/2014/texmf-dist/font
s/type1/public/amsfonts/cm/cmsy10.pfb></usr/local/texlive/2014/texmf-dist/fonts
/type1/urw/helvetic/uhvr8a.pfb></usr/local/texlive/2014/texmf-dist/fonts/type1/
urw/times/utmb8a.pfb></usr/local/texlive/2014/texmf-dist/fonts/type1/urw/times/
utmr8a.pfb></usr/local/texlive/2014/texmf-dist/fonts/type1/urw/times/utmr8a.pfb
></usr/local/texlive/2014/texmf-dist/fonts/type1/urw/times/utmri8a.pfb>
Output written on Rd2.pdf (106 pages, 304904 bytes).
Transcript written on Rd2.log.
This is makeindex, version 2.15 [TeX Live 2014] (kpathsea + Thai support).
Scanning input file Rd2.idx....done (142 entries accepted, 0 rejected).
Sorting entries....done (1063 comparisons).
Generating output file Rd2.ind....done (170 lines written, 1 warning).
Output written in Rd2.ind.
Transcript written in Rd2.ilg.
This is pdfTeX, Version 3.14159265-2.6-1.40.15 (TeX Live 2014) (preloaded format=pdflatex)
 restricted \write18 enabled.
entering extended mode
LaTeX2e <2014/05/01>
Babel <3.9k> and hyphenation patterns for 78 languages loaded.
(./Rd2.tex
(/usr/local/texlive/2014/texmf-dist/tex/latex/base/book.cls
Document Class: book 2007/10/19 v1.4h Standard LaTeX document class
(/usr/local/texlive/2014/texmf-dist/tex/latex/base/bk10.clo))
(/Library/Frameworks/R.framework/Resources/share/texmf/tex/latex/Rd.sty
(/usr/local/texlive/2014/texmf-dist/tex/latex/base/ifthen.sty)
(/usr/local/texlive/2014/texmf-dist/tex/latex/tools/longtable.sty)
(/usr/local/texlive/2014/texmf-dist/tex/latex/tools/bm.sty)
(/usr/local/texlive/2014/texmf-dist/tex/latex/base/alltt.sty)
(/usr/local/texlive/2014/texmf-dist/tex/latex/tools/verbatim.sty)
(/usr/local/texlive/2014/texmf-dist/tex/latex/url/url.sty)
(/usr/local/texlive/2014/texmf-dist/tex/latex/base/textcomp.sty
(/usr/local/texlive/2014/texmf-dist/tex/latex/base/ts1enc.def))
(/usr/local/texlive/2014/texmf-dist/tex/latex/base/fontenc.sty
(/usr/local/texlive/2014/texmf-dist/tex/latex/base/t1enc.def))
(/usr/local/texlive/2014/texmf-dist/tex/latex/psnfss/times.sty)
(/usr/local/texlive/2014/texmf-dist/tex/latex/inconsolata/zi4.sty
(/usr/local/texlive/2014/texmf-dist/tex/latex/graphics/keyval.sty))
(/usr/local/texlive/2014/texmf-dist/tex/latex/graphics/color.sty
(/usr/local/texlive/2014/texmf-dist/tex/latex/latexconfig/color.cfg)
(/usr/local/texlive/2014/texmf-dist/tex/latex/pdftex-def/pdftex.def
(/usr/local/texlive/2014/texmf-dist/tex/generic/oberdiek/infwarerr.sty)
(/usr/local/texlive/2014/texmf-dist/tex/generic/oberdiek/ltxcmds.sty)))
(/usr/local/texlive/2014/texmf-dist/tex/latex/hyperref/hyperref.sty
(/usr/local/texlive/2014/texmf-dist/tex/generic/oberdiek/hobsub-hyperref.sty
(/usr/local/texlive/2014/texmf-dist/tex/generic/oberdiek/hobsub-generic.sty))
(/usr/local/texlive/2014/texmf-dist/tex/generic/ifxetex/ifxetex.sty)
(/usr/local/texlive/2014/texmf-dist/tex/latex/oberdiek/auxhook.sty)
(/usr/local/texlive/2014/texmf-dist/tex/latex/oberdiek/kvoptions.sty)
(/usr/local/texlive/2014/texmf-dist/tex/latex/hyperref/pd1enc.def)
(/usr/local/texlive/2014/texmf-dist/tex/latex/latexconfig/hyperref.cfg))

Package hyperref Message: Driver (autodetected): hpdftex.

(/usr/local/texlive/2014/texmf-dist/tex/latex/hyperref/hpdftex.def
(/usr/local/texlive/2014/texmf-dist/tex/latex/oberdiek/rerunfilecheck.sty))

Package hyperref Warning: Option `hyperindex' has already been used,
(hyperref)                setting the option has no effect on input line 366.


Package hyperref Warning: Option `pagebackref' has already been used,
(hyperref)                setting the option has no effect on input line 366.

) (/usr/local/texlive/2014/texmf-dist/tex/latex/base/makeidx.sty)
(/usr/local/texlive/2014/texmf-dist/tex/latex/base/inputenc.sty
(/usr/local/texlive/2014/texmf-dist/tex/latex/base/utf8.def
(/usr/local/texlive/2014/texmf-dist/tex/latex/base/t1enc.dfu)
(/usr/local/texlive/2014/texmf-dist/tex/latex/base/ot1enc.dfu)
(/usr/local/texlive/2014/texmf-dist/tex/latex/base/omsenc.dfu)
(/usr/local/texlive/2014/texmf-dist/tex/latex/base/ts1enc.dfu))
(/usr/local/texlive/2014/texmf-dist/tex/latex/base/latin1.def))
Writing index file Rd2.idx
(./Rd2.aux) (/usr/local/texlive/2014/texmf-dist/tex/latex/base/ts1cmr.fd)
(/usr/local/texlive/2014/texmf-dist/tex/latex/psnfss/t1ptm.fd)
(/usr/local/texlive/2014/texmf-dist/tex/context/base/supp-pdf.mkii
[Loading MPS to PDF converter (version 2006.09.02).]
) (/usr/local/texlive/2014/texmf-dist/tex/latex/hyperref/nameref.sty
(/usr/local/texlive/2014/texmf-dist/tex/generic/oberdiek/gettitlestring.sty))
(./Rd2.out) (./Rd2.out)
(/usr/local/texlive/2014/texmf-dist/tex/latex/inconsolata/t1zi4.fd)
(/usr/local/texlive/2014/texmf-dist/tex/latex/psnfss/ts1ptm.fd)
(/usr/local/texlive/2014/texmf-dist/tex/latex/psnfss/t1phv.fd) (./Rd2.toc
[1{/usr/local/texlive/2014/texmf-var/fonts/map/pdftex/updmap/pdftex.map}]
[2]) (/usr/local/texlive/2014/texmf-dist/tex/latex/base/utf8.def)
Underfull \hbox (badness 10000) in paragraph at lines 52--54


Underfull \hbox (badness 10000) in paragraph at lines 55--56

[3]
Overfull \hbox (4.45026pt too wide) in paragraph at lines 107--109
\T1/ptm/m/n/10 Model.'' De-cem-ber. 2008. Web. [][]$\T1/zi4/m/n/10 http : / / w
ww . brucehardie . com / notes / 021 / palive _ for _ BGNBD .
(/usr/local/texlive/2014/texmf-dist/tex/latex/base/utf8.def) [4] [5]
(/usr/local/texlive/2014/texmf-dist/tex/latex/base/utf8.def) [6] [7]
(/usr/local/texlive/2014/texmf-dist/tex/latex/base/utf8.def) [8]
(/usr/local/texlive/2014/texmf-dist/tex/latex/base/utf8.def) [9]
(/usr/local/texlive/2014/texmf-dist/tex/latex/base/utf8.def) [10]
(/usr/local/texlive/2014/texmf-dist/tex/latex/base/utf8.def) [11] [12]
(/usr/local/texlive/2014/texmf-dist/tex/latex/base/utf8.def) [13]
(/usr/local/texlive/2014/texmf-dist/tex/latex/base/utf8.def) [14]
(/usr/local/texlive/2014/texmf-dist/tex/latex/base/utf8.def) [15]
(/usr/local/texlive/2014/texmf-dist/tex/latex/base/utf8.def) [16]
(/usr/local/texlive/2014/texmf-dist/tex/latex/base/utf8.def) [17] [18]
Overfull \hbox (10.68091pt too wide) in paragraph at lines 869--869
 []\T1/zi4/m/n/9 bgbb.PlotFreqVsConditionalExpectedFrequency(est.params, n.star
, rf.matrix, x.star, trunc=6)[] 
(/usr/local/texlive/2014/texmf-dist/tex/latex/base/utf8.def) [19] [20]
Overfull \hbox (6.18091pt too wide) in paragraph at lines 945--945
 []\T1/zi4/m/n/9 bgbb.PlotRecVsConditionalExpectedFrequency(est.params, n.star,
 rf.matrix, x.star, trunc=6)[] 
(/usr/local/texlive/2014/texmf-dist/tex/latex/base/utf8.def) [21]
(/usr/local/texlive/2014/texmf-dist/tex/latex/inconsolata/ts1zi4.fd)
Overfull \hbox (38.5809pt too wide) in paragraph at lines 1032--1032
 []\T1/zi4/m/n/9 bgbb.PlotTrackingCum(est.params, rf.matrix, actual.cum.repeat.
transactions, xticklab=x.tickmarks)[] 
(/usr/local/texlive/2014/texmf-dist/tex/latex/base/utf8.def) [22] [23]
Overfull \hbox (38.5809pt too wide) in paragraph at lines 1117--1117
 []\T1/zi4/m/n/9 bgbb.PlotTrackingInc(est.params, rf.matrix, actual.inc.repeat.
transactions, xticklab=x.tickmarks)[] 
(/usr/local/texlive/2014/texmf-dist/tex/latex/base/utf8.def) [24]
(/usr/local/texlive/2014/texmf-dist/tex/latex/base/utf8.def) [25]
(/usr/local/texlive/2014/texmf-dist/tex/latex/base/utf8.def) [26]
(/usr/local/texlive/2014/texmf-dist/tex/latex/base/utf8.def) [27] [28]
(/usr/local/texlive/2014/texmf-dist/tex/latex/base/utf8.def) [29]
(/usr/local/texlive/2014/texmf-dist/tex/latex/base/utf8.def)
Overfull \hbox (109.17717pt too wide) in paragraph at lines 1467--1470
[]\T1/ptm/m/n/10 E(P | al-pha, beta, gamma, delta, x, t.x, n). This is cal-cu-l
ated by set-ting l=1 and m=0 in [][]\T1/zi4/m/n/10 bgbb.PosteriorMeanLmProductM
oment[][][]\T1/ptm/m/n/10 . 
[30] (/usr/local/texlive/2014/texmf-dist/tex/latex/base/utf8.def)
Overfull \hbox (1.50623pt too wide) in paragraph at lines 1524--1525
[]\T1/ptm/m/n/10 calibration pe-riod CBS (cus-tomer by suf-fi-cient statis-tic)
. It must con-tain columns

Overfull \hbox (5.17676pt too wide) in paragraph at lines 1526--1534
\T1/ptm/m/n/10 customer-by-sufficient-statistic ma-trix first. This pa-ram-e-te
r de-ter-mines how many
[31] (/usr/local/texlive/2014/texmf-dist/tex/latex/base/utf8.def) [32]
Overfull \hbox (4.45026pt too wide) in paragraph at lines 1631--1632
\T1/ptm/m/n/10 Model.'' De-cem-ber. 2008. Web. [][]$\T1/zi4/m/n/10 http : / / w
ww . brucehardie . com / notes / 021 / palive _ for _ BGNBD .
[33] (/usr/local/texlive/2014/texmf-dist/tex/latex/base/utf8.def)
Overfull \hbox (1.50623pt too wide) in paragraph at lines 1668--1669
[]\T1/ptm/m/n/10 calibration pe-riod CBS (cus-tomer by suf-fi-cient statis-tic)
. It must con-tain columns
[34] (/usr/local/texlive/2014/texmf-dist/tex/latex/base/utf8.def)
Overfull \hbox (4.45026pt too wide) in paragraph at lines 1759--1760
\T1/ptm/m/n/10 Model.'' De-cem-ber. 2008. Web. [][]$\T1/zi4/m/n/10 http : / / w
ww . brucehardie . com / notes / 021 / palive _ for _ BGNBD .
[35] (/usr/local/texlive/2014/texmf-dist/tex/latex/base/utf8.def)
Overfull \hbox (28.33699pt too wide) in paragraph at lines 1808--1812
[]\T1/ptm/m/n/10 The func-tion au-to-mat-i-cally di-vides the to-tal pe-riod up
 into n.periods.final time in-ter-vals. \T1/zi4/m/n/10 n.periods.final
[36]
Overfull \hbox (52.0809pt too wide) in paragraph at lines 1845--1845
 []\T1/zi4/m/n/9 bgnbd.ExpectedCumulativeTransactions(params, T.cal=cal.cbs[,"T
.cal"], T.tot=39, n.periods.final=273)[] 
(/usr/local/texlive/2014/texmf-dist/tex/latex/base/utf8.def) [37]
Overfull \hbox (1.50623pt too wide) in paragraph at lines 1868--1872
[]\T1/ptm/m/n/10 calibration pe-riod CBS (cus-tomer by suf-fi-cient statis-tic)
. It must con-tain columns
[38] (/usr/local/texlive/2014/texmf-dist/tex/latex/base/utf8.def)
Overfull \hbox (4.45026pt too wide) in paragraph at lines 1986--1987
\T1/ptm/m/n/10 Model.'' De-cem-ber. 2008. Web. [][]$\T1/zi4/m/n/10 http : / / w
ww . brucehardie . com / notes / 021 / palive _ for _ BGNBD .
[39] (/usr/local/texlive/2014/texmf-dist/tex/latex/base/utf8.def) [40]
(/usr/local/texlive/2014/texmf-dist/tex/latex/base/utf8.def)
Overfull \hbox (1.50623pt too wide) in paragraph at lines 2067--2070
[]\T1/ptm/m/n/10 calibration pe-riod CBS (cus-tomer by suf-fi-cient statis-tic)
. It must con-tain columns
[41] (/usr/local/texlive/2014/texmf-dist/tex/latex/base/utf8.def)
Overfull \hbox (1.50623pt too wide) in paragraph at lines 2133--2134
[]\T1/ptm/m/n/10 calibration pe-riod CBS (cus-tomer by suf-fi-cient statis-tic)
. It must con-tain columns
[42]
Overfull \hbox (24.18091pt too wide) in paragraph at lines 2176--2176
 []\T1/zi4/m/n/9 bgnbd.PlotFreqVsConditionalExpectedFrequency(est.params, T.sta
r=39, cal.cbs, x.star, censor=7)[] 
(/usr/local/texlive/2014/texmf-dist/tex/latex/base/utf8.def) [43]
Overfull \hbox (1.50623pt too wide) in paragraph at lines 2202--2203
[]\T1/ptm/m/n/10 calibration pe-riod CBS (cus-tomer by suf-fi-cient statis-tic)
. It must con-tain columns
(/usr/local/texlive/2014/texmf-dist/tex/latex/base/utf8.def) [44] [45]
(/usr/local/texlive/2014/texmf-dist/tex/latex/base/utf8.def) [46]
(/usr/local/texlive/2014/texmf-dist/tex/latex/base/utf8.def) [47]
(/usr/local/texlive/2014/texmf-dist/tex/latex/base/utf8.def) [48]
Overfull \hbox (4.45026pt too wide) in paragraph at lines 2504--2505
\T1/ptm/m/n/10 Model.'' De-cem-ber. 2008. Web. [][]$\T1/zi4/m/n/10 http : / / w
ww . brucehardie . com / notes / 021 / palive _ for _ BGNBD .
(/usr/local/texlive/2014/texmf-dist/tex/latex/base/utf8.def) [49]
Overfull \hbox (4.45026pt too wide) in paragraph at lines 2579--2580
\T1/ptm/m/n/10 Model.'' De-cem-ber. 2008. Web. [][]$\T1/zi4/m/n/10 http : / / w
ww . brucehardie . com / notes / 021 / palive _ for _ BGNBD .
(/usr/local/texlive/2014/texmf-dist/tex/latex/base/utf8.def) [50]
(/usr/local/texlive/2014/texmf-dist/tex/latex/base/utf8.def) [51]
(/usr/local/texlive/2014/texmf-dist/tex/latex/base/utf8.def)
Overfull \hbox (1.34746pt too wide) in paragraph at lines 2710--2717
[]\T1/ptm/m/n/10 if cbt.is.during.cal.period is TRUE, then dates is a data fram
e with three columns:

Overfull \hbox (5.55704pt too wide) in paragraph at lines 2718--2720
[]\T1/ptm/m/n/10 interval of time for customer-by-sufficient-statistic ma-trix.
 May be "day", "week",
[52] (/usr/local/texlive/2014/texmf-dist/tex/latex/base/utf8.def) [53]
(/usr/local/texlive/2014/texmf-dist/tex/latex/base/utf8.def) [54]
(/usr/local/texlive/2014/texmf-dist/tex/latex/base/utf8.def) [55]
(/usr/local/texlive/2014/texmf-dist/tex/latex/base/utf8.def) [56]
(/usr/local/texlive/2014/texmf-dist/tex/latex/base/utf8.def)
(/usr/local/texlive/2014/texmf-dist/tex/latex/base/utf8.def) [57]
(/usr/local/texlive/2014/texmf-dist/tex/latex/base/utf8.def)
Overfull \hbox (5.55704pt too wide) in paragraph at lines 3025--3027
[]\T1/ptm/m/n/10 interval of time for customer-by-sufficient-statistic ma-trix.
 May be "day", "week",
[58] (/usr/local/texlive/2014/texmf-dist/tex/latex/base/utf8.def) [59]
Overfull \hbox (68.22633pt too wide) in paragraph at lines 3113--3119
\T1/ptm/m/n/10 in the third col-umn, and # sales num-bers in the fifth col-umn.
 elog <- dc.ReadLines(system.file("data/cdnowElog.csv",

Overfull \hbox (32.01674pt too wide) in paragraph at lines 3120--3123
[]\T1/ptm/m/n/10 # con-vert-ing the date col-umn to Date ob-jects is # nec-es-s
ary for this func-tion. elog$date <- as.Date(elog$date,
(/usr/local/texlive/2014/texmf-dist/tex/latex/base/utf8.def) [60]
(/usr/local/texlive/2014/texmf-dist/tex/latex/base/utf8.def)
(/usr/local/texlive/2014/texmf-dist/tex/latex/base/utf8.def) [61] [62]
(/usr/local/texlive/2014/texmf-dist/tex/latex/base/utf8.def)
(/usr/local/texlive/2014/texmf-dist/tex/latex/base/utf8.def) [63]
(/usr/local/texlive/2014/texmf-dist/tex/latex/base/utf8.def)
Overfull \hbox (27.67802pt too wide) in paragraph at lines 3363--3370
[]\T1/ptm/m/n/10 A work-around to avoid us-ing this func-tion is pre-sented in 
the ex-am-ple for [][]\T1/zi4/m/n/10 dc.BuildCBSFromCBTAndDates[][][]
[64]
Underfull \vbox (badness 3803) has occurred while \output is active [65]
Overfull \hbox (25.9809pt too wide) in paragraph at lines 3441--3441
 []\T1/zi4/m/n/9 fixed.holdout.cbs[,"T.star"] <- rep(max(fixed.holdout.cbs[,"T.
star"]),nrow(fixed.holdout.cbs))[] 
(/usr/local/texlive/2014/texmf-dist/tex/latex/base/utf8.def)
(/usr/local/texlive/2014/texmf-dist/tex/latex/base/utf8.def) [66] [67]
Underfull \vbox (badness 3803) has occurred while \output is active [68]
(/usr/local/texlive/2014/texmf-dist/tex/latex/base/utf8.def) [69]
Overfull \hbox (0.78091pt too wide) in paragraph at lines 3695--3695
 []\T1/zi4/m/n/9 # dc.PlotLogLikelihoodContours(bgbb.rf.matrix.LL, bgbb.est.par
ams, rf.matrix = rf.matrix,[] 
[70] (/usr/local/texlive/2014/texmf-dist/tex/latex/base/utf8.def) [71]
(/usr/local/texlive/2014/texmf-dist/tex/latex/base/utf8.def) [72]
(/usr/local/texlive/2014/texmf-dist/tex/latex/base/utf8.def)
(/usr/local/texlive/2014/texmf-dist/tex/latex/base/utf8.def) [73]
Overfull \hbox (38.8068pt too wide) in paragraph at lines 3902--3904
[]\T1/ptm/m/n/10 This dataset was sim-u-lated in or-der to il-lus-trate cer-tai
n data-conversion func-tions (see [][]\T1/zi4/m/n/10 dc.MakeRFmatrixCal[][][]\T
1/ptm/m/n/10 ). 
(/usr/local/texlive/2014/texmf-dist/tex/latex/base/utf8.def) [74]
Overfull \hbox (4.03896pt too wide) in paragraph at lines 3971--3973
[]\T1/ptm/m/n/10 Data can be found on-line at [][]$\T1/zi4/m/n/10 http : / / ww
w . brucehardie . com / notes / 010/$[][] \T1/ptm/m/n/10 (As-so-ci-ated Ex-cel 
spread-
(/usr/local/texlive/2014/texmf-dist/tex/latex/base/utf8.def)
Overfull \hbox (1.50623pt too wide) in paragraph at lines 4002--4003
[]\T1/ptm/m/n/10 calibration pe-riod CBS (cus-tomer by suf-fi-cient statis-tic)
. It must con-tain columns

Overfull \hbox (5.17676pt too wide) in paragraph at lines 4004--4012
\T1/ptm/m/n/10 customer-by-sufficient-statistic ma-trix first. This pa-ram-e-te
r de-ter-mines how many
[75] (/usr/local/texlive/2014/texmf-dist/tex/latex/base/utf8.def) [76]
(/usr/local/texlive/2014/texmf-dist/tex/latex/base/utf8.def) [77] [78]
(/usr/local/texlive/2014/texmf-dist/tex/latex/base/utf8.def)
Overfull \hbox (1.50623pt too wide) in paragraph at lines 4233--4238
[]\T1/ptm/m/n/10 calibration pe-riod CBS (cus-tomer by suf-fi-cient statis-tic)
. It must con-tain columns
[79] (/usr/local/texlive/2014/texmf-dist/tex/latex/base/utf8.def) [80]
(/usr/local/texlive/2014/texmf-dist/tex/latex/base/utf8.def) [81]
Overfull \hbox (28.33699pt too wide) in paragraph at lines 4380--4384
[]\T1/ptm/m/n/10 The func-tion au-to-mat-i-cally di-vides the to-tal pe-riod up
 into n.periods.final time in-ter-vals. \T1/zi4/m/n/10 n.periods.final
[82] (/usr/local/texlive/2014/texmf-dist/tex/latex/base/utf8.def)
Overfull \hbox (1.50623pt too wide) in paragraph at lines 4442--4447
[]\T1/ptm/m/n/10 calibration pe-riod CBS (cus-tomer by suf-fi-cient statis-tic)
. It must con-tain columns
[83] (/usr/local/texlive/2014/texmf-dist/tex/latex/base/utf8.def) [84] [85]
(/usr/local/texlive/2014/texmf-dist/tex/latex/base/utf8.def) [86]
(/usr/local/texlive/2014/texmf-dist/tex/latex/base/utf8.def) [87]
(/usr/local/texlive/2014/texmf-dist/tex/latex/base/utf8.def)
Overfull \hbox (1.50623pt too wide) in paragraph at lines 4736--4739
[]\T1/ptm/m/n/10 calibration pe-riod CBS (cus-tomer by suf-fi-cient statis-tic)
. It must con-tain columns
[88] (/usr/local/texlive/2014/texmf-dist/tex/latex/base/utf8.def) [89]
Overfull \hbox (1.50623pt too wide) in paragraph at lines 4802--4803
[]\T1/ptm/m/n/10 calibration pe-riod CBS (cus-tomer by suf-fi-cient statis-tic)
. It must con-tain columns

Overfull \hbox (19.68091pt too wide) in paragraph at lines 4845--4845
 []\T1/zi4/m/n/9 pnbd.PlotFreqVsConditionalExpectedFrequency(est.params, T.star
=39, cal.cbs, x.star, censor=7)[] 
(/usr/local/texlive/2014/texmf-dist/tex/latex/base/utf8.def) [90]
Overfull \hbox (1.50623pt too wide) in paragraph at lines 4871--4872
[]\T1/ptm/m/n/10 calibration pe-riod CBS (cus-tomer by suf-fi-cient statis-tic)
. It must con-tain columns
[91] (/usr/local/texlive/2014/texmf-dist/tex/latex/base/utf8.def) [92]
(/usr/local/texlive/2014/texmf-dist/tex/latex/base/utf8.def) [93] [94]
(/usr/local/texlive/2014/texmf-dist/tex/latex/base/utf8.def)
(/usr/local/texlive/2014/texmf-dist/tex/latex/base/utf8.def) [95] [96]
(/usr/local/texlive/2014/texmf-dist/tex/latex/base/utf8.def) [97]
(/usr/local/texlive/2014/texmf-dist/tex/latex/base/utf8.def) [98]
(/usr/local/texlive/2014/texmf-dist/tex/latex/base/utf8.def) [99]
(/usr/local/texlive/2014/texmf-dist/tex/latex/base/utf8.def) [100] [101]
(/usr/local/texlive/2014/texmf-dist/tex/latex/base/utf8.def) [102]
(/usr/local/texlive/2014/texmf-dist/tex/latex/base/utf8.def) [103] (./Rd2.ind
[104]
Overfull \hbox (28.3567pt too wide) in paragraph at lines 26--28
[]\T1/zi4/m/n/10 bgbb.PlotFreqVsConditionalExpectedFrequency\T1/ptm/m/n/10 , 

Overfull \hbox (23.3567pt too wide) in paragraph at lines 28--30
[]\T1/zi4/m/n/10 bgbb.PlotRecVsConditionalExpectedFrequency\T1/ptm/m/n/10 , 

LaTeX Font Warning: Font shape `T1/zi4/m/it' undefined
(Font)              using `T1/zi4/m/n' instead on input line 42.


Overfull \hbox (5.8567pt too wide) in paragraph at lines 49--51
[]\T1/zi4/m/it/10 bgbb.rf.matrix.PosteriorMeanDropoutRate 

Overfull \hbox (5.01662pt too wide) in paragraph at lines 49--51
\T1/ptm/m/it/10 (\T1/zi4/m/it/10 bgbb.PosteriorMeanDropoutRate\T1/ptm/m/it/10 )
\T1/ptm/m/n/10 , 

Overfull \hbox (25.8567pt too wide) in paragraph at lines 51--53
[]\T1/zi4/m/it/10 bgbb.rf.matrix.PosteriorMeanTransactionRate 

Overfull \hbox (25.01662pt too wide) in paragraph at lines 51--53
\T1/ptm/m/it/10 (\T1/zi4/m/it/10 bgbb.PosteriorMeanTransactionRate\T1/ptm/m/it/
10 )\T1/ptm/m/n/10 , 

Overfull \hbox (33.3567pt too wide) in paragraph at lines 73--75
[]\T1/zi4/m/it/10 bgnbd.PlotFreqVsConditionalExpectedFrequency\T1/ptm/m/n/10 , 


Overfull \hbox (28.3567pt too wide) in paragraph at lines 75--77
[]\T1/zi4/m/it/10 bgnbd.PlotRecVsConditionalExpectedFrequency\T1/ptm/m/n/10 , 

Overfull \hbox (3.3567pt too wide) in paragraph at lines 79--81
[]\T1/zi4/m/it/10 bgnbd.PlotTransactionRateHeterogeneity\T1/ptm/m/n/10 , 
[105]
Overfull \hbox (28.3567pt too wide) in paragraph at lines 148--150
[]\T1/zi4/m/it/10 pnbd.PlotFreqVsConditionalExpectedFrequency\T1/ptm/m/n/10 , 

Overfull \hbox (23.3567pt too wide) in paragraph at lines 150--152
[]\T1/zi4/m/it/10 pnbd.PlotRecVsConditionalExpectedFrequency\T1/ptm/m/n/10 , 
[106]) (./Rd2.aux)

LaTeX Font Warning: Some font shapes were not available, defaults substituted.

 )
(see the transcript file for additional information){/usr/local/texlive/2014/te
xmf-dist/fonts/enc/dvips/inconsolata/i4-ts1.enc}{/usr/local/texlive/2014/texmf-
dist/fonts/enc/dvips/base/8r.enc}{/usr/local/texlive/2014/texmf-dist/fonts/enc/
dvips/inconsolata/i4-t1-0.enc}</usr/local/texlive/2014/texmf-dist/fonts/type1/p
ublic/inconsolata/Inconsolata-zi4r.pfb></usr/local/texlive/2014/texmf-dist/font
s/type1/public/amsfonts/cm/cmsy10.pfb></usr/local/texlive/2014/texmf-dist/fonts
/type1/urw/helvetic/uhvr8a.pfb></usr/local/texlive/2014/texmf-dist/fonts/type1/
urw/times/utmb8a.pfb></usr/local/texlive/2014/texmf-dist/fonts/type1/urw/times/
utmr8a.pfb></usr/local/texlive/2014/texmf-dist/fonts/type1/urw/times/utmr8a.pfb
></usr/local/texlive/2014/texmf-dist/fonts/type1/urw/times/utmri8a.pfb>
Output written on Rd2.pdf (106 pages, 305026 bytes).
Transcript written on Rd2.log.
Saving output to 'BTYD2-manual.pdf' ...
Done
You may want to clean up by 'rm -rf /var/folders/2v/_9c8lry51qb9w0y44xch36k80000gp/T//Rtmp07TgC8/Rd2pdf88d91004090e'
